WARN  | main: Removing snippet : Detected deletion of snippet ``, removing it
WARN  | main: Removing snippet p: Detected deletion of snippet `p`, removing it
WARN  | main: Removing snippet self:: Detected deletion of snippet `self:`, removing it
WARN  | main: Removing snippet : Detected deletion of snippet ``, removing it
WARN  | main: Removing snippet : Detected deletion of snippet ``, removing it
WARN  | main: Removing snippet : Detected deletion of snippet ``, removing it
WARN  | main: Removing snippet : Detected deletion of snippet ``, removing it
WARN  | main: Removing snippet : Detected deletion of snippet ``, removing it
WARN  | main: Removing snippet : Detected deletion of snippet ``, removing it
WARN  | main: Removing snippet : Detected deletion of snippet ``, removing it
WARN  | main: Removing snippet : Detected deletion of snippet ``, removing it
WARN  | main: Removing snippet : Detected deletion of snippet ``, removing it
WARN  | main: Removing snippet : Detected deletion of snippet ``, removing it
WARN  | main: Removing snippet : Detected deletion of snippet ``, removing it
WARN  | main: Removing snippet : Detected deletion of snippet ``, removing it
WARN  | main: Removing snippet : Detected deletion of snippet ``, removing it
WARN  | main: Removing snippet : Detected deletion of snippet ``, removing it
WARN  | main: Removing snippet rafcp: Detected deletion of snippet `rafcp`, removing it
WARN  | main: Removing snippet : Detected deletion of snippet ``, removing it
WARN  | main: Removing snippet : Detected deletion of snippet ``, removing it
WARN  | main: Removing snippet : Detected deletion of snippet ``, removing it
WARN  | main: Removing snippet self:: Detected deletion of snippet `self:`, removing it
WARN  | main: Removing snippet : Detected deletion of snippet ``, removing it
WARN  | main: Removing snippet : Detected deletion of snippet ``, removing it
WARN  | main: Removing snippet : Detected deletion of snippet ``, removing it
WARN  | main: Removing snippet : Detected deletion of snippet ``, removing it
WARN  | main: Removing snippet : Detected deletion of snippet ``, removing it
WARN  | main: Removing snippet : Detected deletion of snippet ``, removing it
WARN  | main: Removing snippet script: Detected deletion of snippet `script`, removing it
WARN  | main: Removing snippet script: Detected deletion of snippet `script`, removing it
WARN  | main: Removing snippet p: Detected deletion of snippet `p`, removing it
WARN  | main: Removing snippet h2: Detected deletion of snippet `h2`, removing it
WARN  | main: Removing snippet : Detected deletion of snippet ``, removing it
WARN  | main: Removing snippet : Detected deletion of snippet ``, removing it
WARN  | main: Removing snippet : Detected deletion of snippet ``, removing it
WARN  | main: Removing snippet : Detected deletion of snippet ``, removing it
WARN  | main: Removing snippet : Detected deletion of snippet ``, removing it
WARN  | main: Removing snippet : Detected deletion of snippet ``, removing it
WARN  | main: Removing snippet : Detected deletion of snippet ``, removing it
WARN  | main: Removing snippet : Detected deletion of snippet ``, removing it
WARN  | main: Removing snippet class: Detected deletion of snippet `class`, removing it
WARN  | main: Removing snippet : Detected deletion of snippet ``, removing it
WARN  | main: Removing snippet : Detected deletion of snippet ``, removing it
WARN  | main: Removing snippet : Detected deletion of snippet ``, removing it
WARN  | main: Removing snippet html5: Detected deletion of snippet `html5`, removing it
WARN  | main: Removing snippet : Detected deletion of snippet ``, removing it
WARN  | main: Removing snippet input: Error while setting adjacent snippet as current node: ...a/Local/nvim-data/lazy/LuaSnip/lua/luasnip/util/mark.lua:82: attempt to index a nil value
WARN  | main: Removing snippet p: Detected deletion of snippet `p`, removing it
WARN  | main: Removing snippet : Detected deletion of snippet ``, removing it
WARN  | main: Removing snippet : Detected deletion of snippet ``, removing it
WARN  | main: Removing snippet : Detected deletion of snippet ``, removing it
WARN  | main: Removing snippet div: Detected deletion of snippet `div`, removing it
WARN  | main: Removing snippet : Detected deletion of snippet ``, removing it
WARN  | main: Removing snippet : Detected deletion of snippet ``, removing it
WARN  | main: Removing snippet : Detected deletion of snippet ``, removing it
WARN  | main: Removing snippet : Detected deletion of snippet ``, removing it
WARN  | main: Removing snippet : Detected deletion of snippet ``, removing it
WARN  | main: Removing snippet : Detected deletion of snippet ``, removing it
WARN  | main: Removing snippet : Detected deletion of snippet ``, removing it
WARN  | main: Removing snippet : Detected deletion of snippet ``, removing it
WARN  | main: Removing snippet : Detected deletion of snippet ``, removing it
WARN  | main: Removing snippet : Detected deletion of snippet ``, removing it
WARN  | main: Removing snippet : Detected deletion of snippet ``, removing it
WARN  | main: Removing snippet : Detected deletion of snippet ``, removing it
WARN  | main: Removing snippet : Detected deletion of snippet ``, removing it
WARN  | main: Removing snippet : Detected deletion of snippet ``, removing it
WARN  | main: Removing snippet : Detected deletion of snippet ``, removing it
WARN  | main: Removing snippet : Detected deletion of snippet ``, removing it
WARN  | main: Removing snippet : Detected deletion of snippet ``, removing it
WARN  | main: Removing snippet : Detected deletion of snippet ``, removing it
WARN  | main: Removing snippet : Detected deletion of snippet ``, removing it
WARN  | main: Removing snippet style: Detected deletion of snippet `style`, removing it
WARN  | main: Removing snippet : Detected deletion of snippet ``, removing it
WARN  | main: Removing snippet : Detected deletion of snippet ``, removing it
WARN  | main: Removing snippet : Detected deletion of snippet ``, removing it
WARN  | main: Removing snippet : Detected deletion of snippet ``, removing it
WARN  | main: Removing snippet : Detected deletion of snippet ``, removing it
WARN  | main: Removing snippet jcc: Detected deletion of snippet `jcc`, removing it
WARN  | main: Removing snippet aic: Detected deletion of snippet `aic`, removing it
WARN  | main: Removing snippet : Detected deletion of snippet ``, removing it
WARN  | main: Removing snippet : Detected deletion of snippet ``, removing it
WARN  | main: Removing snippet : Detected deletion of snippet ``, removing it
WARN  | main: Removing snippet : Detected deletion of snippet ``, removing it
WARN  | main: Removing snippet : Detected deletion of snippet ``, removing it
WARN  | main: Removing snippet : Detected deletion of snippet ``, removing it
WARN  | main: Removing snippet : Detected deletion of snippet ``, removing it
WARN  | main: Removing snippet : Detected deletion of snippet ``, removing it
WARN  | main: Removing snippet : Detected deletion of snippet ``, removing it
WARN  | main: Removing snippet : Detected deletion of snippet ``, removing it
WARN  | main: Removing snippet : Detected deletion of snippet ``, removing it
WARN  | main: Removing snippet : Detected deletion of snippet ``, removing it
WARN  | main: Removing snippet : Detected deletion of snippet ``, removing it
WARN  | main: Removing snippet : Detected deletion of snippet ``, removing it
WARN  | main: Removing snippet : Detected deletion of snippet ``, removing it
WARN  | main: Removing snippet : Detected deletion of snippet ``, removing it
WARN  | main: Removing snippet : Detected deletion of snippet ``, removing it
WARN  | main: Removing snippet : Detected deletion of snippet ``, removing it
WARN  | main: Removing snippet : Detected deletion of snippet ``, removing it
WARN  | main: Removing snippet : Detected deletion of snippet ``, removing it
WARN  | main: Removing snippet : Detected deletion of snippet ``, removing it
WARN  | main: Removing snippet match: Detected deletion of snippet `match`, removing it
WARN  | main: Removing snippet match: Detected deletion of snippet `match`, removing it
WARN  | main: Removing snippet : Detected deletion of snippet ``, removing it
WARN  | main: Removing snippet innerText: Detected deletion of snippet `innerText`, removing it
WARN  | main: Removing snippet innerText: Detected deletion of snippet `innerText`, removing it
WARN  | main: Removing snippet : Detected deletion of snippet ``, removing it
WARN  | main: Removing snippet : Detected deletion of snippet ``, removing it
WARN  | main: Removing snippet : Detected deletion of snippet ``, removing it
WARN  | main: Removing snippet : Error while setting adjacent snippet as current node: ...a/Local/nvim-data/lazy/LuaSnip/lua/luasnip/util/mark.lua:136: Invalid 'end_row': out of range
WARN  | main: Removing snippet : Error while setting adjacent snippet as current node: ...a/Local/nvim-data/lazy/LuaSnip/lua/luasnip/util/mark.lua:136: Invalid 'end_row': out of range
WARN  | main: Removing snippet rafce: Error while setting adjacent snippet as current node: ...a/Local/nvim-data/lazy/LuaSnip/lua/luasnip/util/mark.lua:136: Invalid 'line': out of range
WARN  | main: Removing snippet : Detected deletion of snippet ``, removing it
WARN  | main: Removing snippet : Error while setting adjacent snippet as current node: ...a/Local/nvim-data/lazy/LuaSnip/lua/luasnip/util/mark.lua:82: attempt to index a nil value
WARN  | main: Removing snippet rafce: Error while setting adjacent snippet as current node: ...a/Local/nvim-data/lazy/LuaSnip/lua/luasnip/util/mark.lua:82: attempt to index a nil value
WARN  | main: Removing snippet : Error while entering node in snippet : ...a/Local/nvim-data/lazy/LuaSnip/lua/luasnip/util/mark.lua:82: attempt to index a nil value
WARN  | main: Removing snippet rafce: Error while setting adjacent snippet as current node: ...a/Local/nvim-data/lazy/LuaSnip/lua/luasnip/util/mark.lua:82: attempt to index a nil value
WARN  | main: Removing snippet : Detected deletion of snippet ``, removing it
WARN  | main: Removing snippet : Detected deletion of snippet ``, removing it
WARN  | main: Removing snippet : Detected deletion of snippet ``, removing it
WARN  | main: Removing snippet : Detected deletion of snippet ``, removing it
WARN  | main: Removing snippet match: Detected deletion of snippet `match`, removing it
WARN  | main: Removing snippet : Detected deletion of snippet ``, removing it
WARN  | main: Removing snippet : Detected deletion of snippet ``, removing it
WARN  | main: Removing snippet : Detected deletion of snippet ``, removing it
WARN  | main: Removing snippet match: Detected deletion of snippet `match`, removing it
WARN  | main: Removing snippet : Detected deletion of snippet ``, removing it
WARN  | main: Removing snippet : Detected deletion of snippet ``, removing it
WARN  | main: Removing snippet rafce: Detected deletion of snippet `rafce`, removing it
WARN  | main: Removing snippet : Detected deletion of snippet ``, removing it
WARN  | main: Removing snippet class: Detected deletion of snippet `class`, removing it
WARN  | main: Removing snippet : Detected deletion of snippet ``, removing it
WARN  | main: Removing snippet : Detected deletion of snippet ``, removing it
WARN  | main: Removing snippet : Detected deletion of snippet ``, removing it
WARN  | main: Removing snippet : Detected deletion of snippet ``, removing it
WARN  | main: Removing snippet : Detected deletion of snippet ``, removing it
WARN  | main: Removing snippet rafce: Detected deletion of snippet `rafce`, removing it
WARN  | main: Removing snippet : Detected deletion of snippet ``, removing it
WARN  | main: Removing snippet : Detected deletion of snippet ``, removing it
WARN  | main: Removing snippet : Detected deletion of snippet ``, removing it
WARN  | main: Removing snippet : Detected deletion of snippet ``, removing it
WARN  | main: Removing snippet : Detected deletion of snippet ``, removing it
WARN  | main: Removing snippet : Detected deletion of snippet ``, removing it
WARN  | main: Removing snippet : Detected deletion of snippet ``, removing it
WARN  | main: Removing snippet : Detected deletion of snippet ``, removing it
WARN  | main: Removing snippet : Detected deletion of snippet ``, removing it
WARN  | main: Removing snippet : Detected deletion of snippet ``, removing it
WARN  | main: Removing snippet : Detected deletion of snippet ``, removing it
WARN  | main: Removing snippet : Detected deletion of snippet ``, removing it
WARN  | main: Removing snippet : Detected deletion of snippet ``, removing it
WARN  | main: Removing snippet : Detected deletion of snippet ``, removing it
WARN  | main: Removing snippet : Detected deletion of snippet ``, removing it
WARN  | main: Removing snippet : Detected deletion of snippet ``, removing it
WARN  | main: Removing snippet : Detected deletion of snippet ``, removing it
WARN  | main: Removing snippet : Detected deletion of snippet ``, removing it
WARN  | main: Removing snippet : Detected deletion of snippet ``, removing it
WARN  | main: Removing snippet loremSent: Detected deletion of snippet `loremSent`, removing it
WARN  | main: Removing snippet : Detected deletion of snippet ``, removing it
WARN  | main: Removing snippet api: Detected deletion of snippet `api`, removing it
WARN  | main: Removing snippet : Detected deletion of snippet ``, removing it
WARN  | main: Removing snippet : Detected deletion of snippet ``, removing it
WARN  | main: Removing snippet : Detected deletion of snippet ``, removing it
WARN  | main: Removing snippet : Detected deletion of snippet ``, removing it
WARN  | main: Removing snippet trycatch: Error while setting adjacent snippet as current node: ...a/Local/nvim-data/lazy/LuaSnip/lua/luasnip/util/mark.lua:136: Invalid 'end_row': out of range
WARN  | main: Removing snippet trycatch: Detected deletion of snippet `trycatch`, removing it
WARN  | main: Removing snippet : Detected deletion of snippet ``, removing it
WARN  | main: Removing snippet : Detected deletion of snippet ``, removing it
WARN  | main: Removing snippet : Detected deletion of snippet ``, removing it
WARN  | main: Removing snippet : Detected deletion of snippet ``, removing it
WARN  | main: Removing snippet : Detected deletion of snippet ``, removing it
WARN  | main: Removing snippet : Detected deletion of snippet ``, removing it
WARN  | main: Removing snippet : Detected deletion of snippet ``, removing it
WARN  | main: Removing snippet w: Detected deletion of snippet `w`, removing it
WARN  | main: Removing snippet : Detected deletion of snippet ``, removing it
WARN  | main: Removing snippet : Detected deletion of snippet ``, removing it
WARN  | main: Removing snippet : Detected deletion of snippet ``, removing it
WARN  | main: Removing snippet : Detected deletion of snippet ``, removing it
WARN  | main: Removing snippet : Detected deletion of snippet ``, removing it
WARN  | main: Removing snippet : Detected deletion of snippet ``, removing it
WARN  | main: Removing snippet : Detected deletion of snippet ``, removing it
WARN  | main: Removing snippet : Detected deletion of snippet ``, removing it
WARN  | main: Removing snippet : Detected deletion of snippet ``, removing it
WARN  | main: Removing snippet : Detected deletion of snippet ``, removing it
WARN  | main: Removing snippet : Detected deletion of snippet ``, removing it
WARN  | main: Removing snippet : Detected deletion of snippet ``, removing it
WARN  | main: Removing snippet : Detected deletion of snippet ``, removing it
WARN  | main: Removing snippet : Detected deletion of snippet ``, removing it
WARN  | main: Removing snippet : Detected deletion of snippet ``, removing it
WARN  | main: Removing snippet : Detected deletion of snippet ``, removing it
WARN  | main: Removing snippet : Detected deletion of snippet ``, removing it
WARN  | main: Removing snippet : Detected deletion of snippet ``, removing it
WARN  | main: Removing snippet : Detected deletion of snippet ``, removing it
WARN  | main: Removing snippet : Detected deletion of snippet ``, removing it
WARN  | main: Removing snippet : Detected deletion of snippet ``, removing it
WARN  | main: Removing snippet : Detected deletion of snippet ``, removing it
WARN  | main: Removing snippet : Detected deletion of snippet ``, removing it
WARN  | main: Removing snippet rafce: Error while setting adjacent snippet as current node: ...a/Local/nvim-data/lazy/LuaSnip/lua/luasnip/util/mark.lua:136: Invalid 'end_row': out of range
WARN  | main: Removing snippet rafce: Detected deletion of snippet `rafce`, removing it
WARN  | main: Removing snippet : Detected deletion of snippet ``, removing it
WARN  | main: Removing snippet : Detected deletion of snippet ``, removing it
WARN  | main: Removing snippet : Detected deletion of snippet ``, removing it
WARN  | main: Removing snippet : Detected deletion of snippet ``, removing it
WARN  | main: Removing snippet : Detected deletion of snippet ``, removing it
WARN  | main: Removing snippet : Detected deletion of snippet ``, removing it
WARN  | main: Removing snippet : Detected deletion of snippet ``, removing it
WARN  | main: Removing snippet : Detected deletion of snippet ``, removing it
WARN  | main: Removing snippet : Detected deletion of snippet ``, removing it
WARN  | main: Removing snippet : Detected deletion of snippet ``, removing it
WARN  | main: Removing snippet : Detected deletion of snippet ``, removing it
WARN  | main: Removing snippet : Detected deletion of snippet ``, removing it
WARN  | main: Removing snippet : Detected deletion of snippet ``, removing it
WARN  | main: Removing snippet : Detected deletion of snippet ``, removing it
WARN  | main: Removing snippet : Detected deletion of snippet ``, removing it
WARN  | main: Removing snippet : Detected deletion of snippet ``, removing it
WARN  | main: Removing snippet : Detected deletion of snippet ``, removing it
WARN  | main: Removing snippet : Detected deletion of snippet ``, removing it
WARN  | main: Removing snippet : Detected deletion of snippet ``, removing it
WARN  | main: Removing snippet : Detected deletion of snippet ``, removing it
WARN  | main: Removing snippet p: Detected deletion of snippet `p`, removing it
WARN  | main: Removing snippet h2: Detected deletion of snippet `h2`, removing it
WARN  | main: Removing snippet p: Detected deletion of snippet `p`, removing it
WARN  | main: Removing snippet : Detected deletion of snippet ``, removing it
WARN  | main: Removing snippet : Detected deletion of snippet ``, removing it
WARN  | main: Removing snippet p: Detected deletion of snippet `p`, removing it
WARN  | main: Removing snippet : Detected deletion of snippet ``, removing it
WARN  | main: Removing snippet : Detected deletion of snippet ``, removing it
WARN  | main: Removing snippet : Detected deletion of snippet ``, removing it
WARN  | main: Removing snippet : Detected deletion of snippet ``, removing it
WARN  | main: Removing snippet : Detected deletion of snippet ``, removing it
WARN  | main: Removing snippet : Detected deletion of snippet ``, removing it
WARN  | main: Removing snippet : Detected deletion of snippet ``, removing it
WARN  | main: Removing snippet : Detected deletion of snippet ``, removing it
WARN  | main: Removing snippet : Detected deletion of snippet ``, removing it
WARN  | main: Removing snippet : Detected deletion of snippet ``, removing it
WARN  | main: Removing snippet te: Detected deletion of snippet `te`, removing it
WARN  | main: Removing snippet : Detected deletion of snippet ``, removing it
WARN  | main: Removing snippet : Detected deletion of snippet ``, removing it
WARN  | main: Removing snippet : Detected deletion of snippet ``, removing it
WARN  | main: Removing snippet : Detected deletion of snippet ``, removing it
WARN  | main: Removing snippet : Detected deletion of snippet ``, removing it
WARN  | main: Removing snippet : Detected deletion of snippet ``, removing it
WARN  | main: Removing snippet posa: Detected deletion of snippet `posa`, removing it
WARN  | main: Removing snippet : Detected deletion of snippet ``, removing it
WARN  | main: Removing snippet : Detected deletion of snippet ``, removing it
WARN  | main: Removing snippet : Detected deletion of snippet ``, removing it
WARN  | main: Removing snippet wid: Detected deletion of snippet `wid`, removing it
WARN  | main: Removing snippet : Detected deletion of snippet ``, removing it
WARN  | main: Removing snippet : Detected deletion of snippet ``, removing it
WARN  | main: Removing snippet : Detected deletion of snippet ``, removing it
WARN  | main: Removing snippet : Detected deletion of snippet ``, removing it
WARN  | main: Removing snippet : Detected deletion of snippet ``, removing it
WARN  | main: Removing snippet : Detected deletion of snippet ``, removing it
WARN  | main: Removing snippet : Detected deletion of snippet ``, removing it
WARN  | main: Removing snippet : Detected deletion of snippet ``, removing it
WARN  | main: Removing snippet : Detected deletion of snippet ``, removing it
WARN  | main: Removing snippet script: Detected deletion of snippet `script`, removing it
WARN  | main: Removing snippet : Detected deletion of snippet ``, removing it
WARN  | main: Removing snippet : Detected deletion of snippet ``, removing it
WARN  | main: Removing snippet : Detected deletion of snippet ``, removing it
WARN  | main: Removing snippet : Detected deletion of snippet ``, removing it
WARN  | main: Removing snippet : Detected deletion of snippet ``, removing it
WARN  | main: Removing snippet : Detected deletion of snippet ``, removing it
WARN  | main: Removing snippet : Detected deletion of snippet ``, removing it
WARN  | main: Removing snippet : Detected deletion of snippet ``, removing it
WARN  | main: Removing snippet : Detected deletion of snippet ``, removing it
WARN  | main: Removing snippet : Detected deletion of snippet ``, removing it
WARN  | main: Removing snippet posa: Detected deletion of snippet `posa`, removing it
WARN  | main: Removing snippet : Detected deletion of snippet ``, removing it
WARN  | main: Removing snippet : Detected deletion of snippet ``, removing it
WARN  | main: Removing snippet : Detected deletion of snippet ``, removing it
WARN  | main: Removing snippet : Detected deletion of snippet ``, removing it
WARN  | main: Removing snippet : Detected deletion of snippet ``, removing it
WARN  | main: Removing snippet : Detected deletion of snippet ``, removing it
WARN  | main: Removing snippet : Detected deletion of snippet ``, removing it
WARN  | main: Removing snippet : Detected deletion of snippet ``, removing it
WARN  | main: Removing snippet : Detected deletion of snippet ``, removing it
WARN  | main: Removing snippet : Detected deletion of snippet ``, removing it
WARN  | main: Removing snippet : Detected deletion of snippet ``, removing it
WARN  | main: Removing snippet : Detected deletion of snippet ``, removing it
WARN  | main: Removing snippet : Detected deletion of snippet ``, removing it
WARN  | main: Removing snippet : Detected deletion of snippet ``, removing it
WARN  | main: Removing snippet : Detected deletion of snippet ``, removing it
WARN  | main: Removing snippet : Detected deletion of snippet ``, removing it
WARN  | main: Removing snippet div: Detected deletion of snippet `div`, removing it
WARN  | main: Removing snippet : Detected deletion of snippet ``, removing it
WARN  | main: Removing snippet : Detected deletion of snippet ``, removing it
WARN  | main: Removing snippet : Detected deletion of snippet ``, removing it
WARN  | main: Removing snippet : Detected deletion of snippet ``, removing it
WARN  | main: Removing snippet : Detected deletion of snippet ``, removing it
WARN  | main: Removing snippet jcc: Detected deletion of snippet `jcc`, removing it
WARN  | main: Removing snippet : Detected deletion of snippet ``, removing it
WARN  | main: Removing snippet : Detected deletion of snippet ``, removing it
WARN  | main: Removing snippet : Detected deletion of snippet ``, removing it
WARN  | main: Removing snippet : Detected deletion of snippet ``, removing it
WARN  | main: Removing snippet : Detected deletion of snippet ``, removing it
WARN  | main: Removing snippet : Detected deletion of snippet ``, removing it
WARN  | main: Removing snippet : Detected deletion of snippet ``, removing it
WARN  | main: Removing snippet : Detected deletion of snippet ``, removing it
WARN  | main: Removing snippet : Detected deletion of snippet ``, removing it
WARN  | main: Removing snippet : Detected deletion of snippet ``, removing it
WARN  | main: Removing snippet disf: Detected deletion of snippet `disf`, removing it
WARN  | main: Removing snippet : Detected deletion of snippet ``, removing it
WARN  | main: Removing snippet : Detected deletion of snippet ``, removing it
WARN  | main: Removing snippet : Detected deletion of snippet ``, removing it
WARN  | main: Removing snippet : Detected deletion of snippet ``, removing it
WARN  | main: Removing snippet : Detected deletion of snippet ``, removing it
WARN  | main: Removing snippet : Detected deletion of snippet ``, removing it
WARN  | main: Removing snippet : Detected deletion of snippet ``, removing it
WARN  | main: Removing snippet : Detected deletion of snippet ``, removing it
WARN  | main: Removing snippet : Detected deletion of snippet ``, removing it
WARN  | main: Removing snippet : Detected deletion of snippet ``, removing it
WARN  | main: Removing snippet : Detected deletion of snippet ``, removing it
WARN  | main: Removing snippet : Detected deletion of snippet ``, removing it
WARN  | main: Removing snippet : Detected deletion of snippet ``, removing it
WARN  | main: Removing snippet : Detected deletion of snippet ``, removing it
WARN  | main: Removing snippet : Detected deletion of snippet ``, removing it
WARN  | main: Removing snippet posa: Detected deletion of snippet `posa`, removing it
WARN  | main: Removing snippet : Detected deletion of snippet ``, removing it
WARN  | main: Removing snippet posa: Detected deletion of snippet `posa`, removing it
WARN  | main: Removing snippet : Detected deletion of snippet ``, removing it
WARN  | main: Removing snippet : Detected deletion of snippet ``, removing it
WARN  | main: Removing snippet : Detected deletion of snippet ``, removing it
WARN  | main: Removing snippet : Detected deletion of snippet ``, removing it
WARN  | main: Removing snippet : Detected deletion of snippet ``, removing it
WARN  | main: Removing snippet : Detected deletion of snippet ``, removing it
WARN  | main: Removing snippet ca: Detected deletion of snippet `ca`, removing it
WARN  | main: Removing snippet : Detected deletion of snippet ``, removing it
WARN  | main: Removing snippet : Detected deletion of snippet ``, removing it
WARN  | main: Removing snippet : Detected deletion of snippet ``, removing it
WARN  | main: Removing snippet : Detected deletion of snippet ``, removing it
WARN  | main: Removing snippet : Detected deletion of snippet ``, removing it
WARN  | main: Removing snippet : Detected deletion of snippet ``, removing it
WARN  | main: Removing snippet : Detected deletion of snippet ``, removing it
WARN  | main: Removing snippet valueOf: Detected deletion of snippet `valueOf`, removing it
WARN  | main: Removing snippet : Detected deletion of snippet ``, removing it
WARN  | main: Removing snippet : Detected deletion of snippet ``, removing it
WARN  | main: Removing snippet : Detected deletion of snippet ``, removing it
WARN  | main: Removing snippet : Detected deletion of snippet ``, removing it
WARN  | main: Removing snippet : Detected deletion of snippet ``, removing it
WARN  | main: Removing snippet : Detected deletion of snippet ``, removing it
WARN  | main: Removing snippet valueOf: Detected deletion of snippet `valueOf`, removing it
WARN  | main: Removing snippet : Detected deletion of snippet ``, removing it
WARN  | main: Removing snippet foreach: Detected deletion of snippet `foreach`, removing it
WARN  | main: Removing snippet : Detected deletion of snippet ``, removing it
WARN  | main: Removing snippet : Detected deletion of snippet ``, removing it
WARN  | main: Removing snippet : Detected deletion of snippet ``, removing it
WARN  | main: Removing snippet : Detected deletion of snippet ``, removing it
WARN  | main: Removing snippet : Detected deletion of snippet ``, removing it
WARN  | main: Removing snippet innerText: Detected deletion of snippet `innerText`, removing it
WARN  | main: Removing snippet innerText: Detected deletion of snippet `innerText`, removing it
WARN  | main: Removing snippet valueOf: Detected deletion of snippet `valueOf`, removing it
WARN  | main: Removing snippet : Detected deletion of snippet ``, removing it
WARN  | main: Removing snippet innerText: Detected deletion of snippet `innerText`, removing it
WARN  | main: Removing snippet valueOf: Detected deletion of snippet `valueOf`, removing it
WARN  | main: Removing snippet : Detected deletion of snippet ``, removing it
WARN  | main: Removing snippet iife: Detected deletion of snippet `iife`, removing it
WARN  | main: Removing snippet innerText: Detected deletion of snippet `innerText`, removing it
WARN  | main: Removing snippet : Detected deletion of snippet ``, removing it
WARN  | main: Removing snippet : Detected deletion of snippet ``, removing it
WARN  | main: Removing snippet : Detected deletion of snippet ``, removing it
WARN  | main: Removing snippet : Detected deletion of snippet ``, removing it
WARN  | main: Removing snippet : Detected deletion of snippet ``, removing it
WARN  | main: Removing snippet : Detected deletion of snippet ``, removing it
WARN  | main: Removing snippet : Detected deletion of snippet ``, removing it
WARN  | main: Removing snippet : Detected deletion of snippet ``, removing it
WARN  | main: Removing snippet : Detected deletion of snippet ``, removing it
WARN  | main: Removing snippet : Detected deletion of snippet ``, removing it
WARN  | main: Removing snippet : Detected deletion of snippet ``, removing it
WARN  | main: Removing snippet : Detected deletion of snippet ``, removing it
WARN  | main: Removing snippet : Detected deletion of snippet ``, removing it
WARN  | main: Removing snippet : Detected deletion of snippet ``, removing it
WARN  | main: Removing snippet : Detected deletion of snippet ``, removing it
WARN  | main: Removing snippet : Detected deletion of snippet ``, removing it
WARN  | main: Removing snippet : Detected deletion of snippet ``, removing it
WARN  | main: Removing snippet : Detected deletion of snippet ``, removing it
WARN  | main: Removing snippet : Detected deletion of snippet ``, removing it
WARN  | main: Removing snippet : Detected deletion of snippet ``, removing it
WARN  | main: Removing snippet : Detected deletion of snippet ``, removing it
WARN  | main: Removing snippet : Detected deletion of snippet ``, removing it
WARN  | main: Removing snippet : Detected deletion of snippet ``, removing it
WARN  | main: Removing snippet : Detected deletion of snippet ``, removing it
WARN  | main: Removing snippet : Detected deletion of snippet ``, removing it
WARN  | main: Removing snippet : Detected deletion of snippet ``, removing it
WARN  | main: Removing snippet : Detected deletion of snippet ``, removing it
WARN  | main: Removing snippet : Detected deletion of snippet ``, removing it
WARN  | main: Removing snippet : Detected deletion of snippet ``, removing it
WARN  | main: Removing snippet posa: Detected deletion of snippet `posa`, removing it
WARN  | main: Removing snippet : Detected deletion of snippet ``, removing it
WARN  | main: Removing snippet : Detected deletion of snippet ``, removing it
WARN  | main: Removing snippet : Detected deletion of snippet ``, removing it
WARN  | main: Removing snippet : Detected deletion of snippet ``, removing it
WARN  | main: Removing snippet : Detected deletion of snippet ``, removing it
WARN  | main: Removing snippet : Detected deletion of snippet ``, removing it
WARN  | main: Removing snippet : Detected deletion of snippet ``, removing it
WARN  | main: Removing snippet dateMDY: Detected deletion of snippet `dateMDY`, removing it
