[ERROR 5/21/2024 12:30:50 AM] ...a/lazy/mason-lspconfig.nvim/lua/mason-lspconfig/init.lua:33: Failed to set up lspconfig integration. ...on-lspconfig.nvim/lua/mason-lspconfig/lspconfig_hook.lua:56: module 'lspconfig.util' not found:
	no field package.preload['lspconfig.util']
cache_loader: module lspconfig.util not found
cache_loader_lib: module lspconfig.util not found
	no file '.\lspconfig\util.lua'
	no file 'C:\Program Files\Neovim\bin\lua\lspconfig\util.lua'
	no file 'C:\Program Files\Neovim\bin\lua\lspconfig\util\init.lua'
	no file '.\lspconfig\util.dll'
	no file 'C:\Program Files\Neovim\bin\lspconfig\util.dll'
	no file 'C:\Program Files\Neovim\bin\loadall.dll'
	no file '.\lspconfig.dll'
	no file 'C:\Program Files\Neovim\bin\lspconfig.dll'
	no file 'C:\Program Files\Neovim\bin\loadall.dll'
[INFO  5/21/2024 12:30:53 AM] ...m-data/lazy/mason.nvim/lua/mason-core/installer/init.lua:184: Executing installer for Package(name=prettier) {}
[INFO  5/21/2024 12:30:53 AM] ...m-data/lazy/mason.nvim/lua/mason-core/installer/init.lua:184: Executing installer for Package(name=stylua) {}
[INFO  5/21/2024 12:30:53 AM] ...m-data/lazy/mason.nvim/lua/mason-core/installer/init.lua:184: Executing installer for Package(name=isort) {}
[INFO  5/21/2024 12:30:53 AM] ...m-data/lazy/mason.nvim/lua/mason-core/installer/init.lua:184: Executing installer for Package(name=black) {}
[INFO  5/21/2024 12:30:56 AM] ...m-data/lazy/mason.nvim/lua/mason-core/installer/init.lua:184: Executing installer for Package(name=pylint) {}
[INFO  5/21/2024 12:30:56 AM] ...m-data/lazy/mason.nvim/lua/mason-core/installer/init.lua:245: Installation succeeded for Package(name=stylua)
[INFO  5/21/2024 12:31:00 AM] ...m-data/lazy/mason.nvim/lua/mason-core/installer/init.lua:184: Executing installer for Package(name=eslint_d) {}
[INFO  5/21/2024 12:31:00 AM] ...m-data/lazy/mason.nvim/lua/mason-core/installer/init.lua:245: Installation succeeded for Package(name=prettier)
[INFO  5/21/2024 12:31:03 AM] ...m-data/lazy/mason.nvim/lua/mason-core/installer/init.lua:184: Executing installer for Package(name=typescript-language-server) {}
[INFO  5/21/2024 12:31:03 AM] ...m-data/lazy/mason.nvim/lua/mason-core/installer/init.lua:245: Installation succeeded for Package(name=isort)
[INFO  5/21/2024 12:31:04 AM] ...m-data/lazy/mason.nvim/lua/mason-core/installer/init.lua:184: Executing installer for Package(name=html-lsp) {}
[INFO  5/21/2024 12:31:04 AM] ...m-data/lazy/mason.nvim/lua/mason-core/installer/init.lua:245: Installation succeeded for Package(name=black)
[INFO  5/21/2024 12:31:09 AM] ...m-data/lazy/mason.nvim/lua/mason-core/installer/init.lua:184: Executing installer for Package(name=css-lsp) {}
[INFO  5/21/2024 12:31:09 AM] ...m-data/lazy/mason.nvim/lua/mason-core/installer/init.lua:245: Installation succeeded for Package(name=pylint)
[INFO  5/21/2024 12:31:10 AM] ...m-data/lazy/mason.nvim/lua/mason-core/installer/init.lua:184: Executing installer for Package(name=tailwindcss-language-server) {}
[INFO  5/21/2024 12:31:10 AM] ...m-data/lazy/mason.nvim/lua/mason-core/installer/init.lua:245: Installation succeeded for Package(name=typescript-language-server)
[INFO  5/21/2024 12:31:12 AM] ...m-data/lazy/mason.nvim/lua/mason-core/installer/init.lua:184: Executing installer for Package(name=svelte-language-server) {}
[INFO  5/21/2024 12:31:12 AM] ...m-data/lazy/mason.nvim/lua/mason-core/installer/init.lua:245: Installation succeeded for Package(name=eslint_d)
[INFO  5/21/2024 12:31:18 AM] ...m-data/lazy/mason.nvim/lua/mason-core/installer/init.lua:184: Executing installer for Package(name=lua-language-server) {}
[INFO  5/21/2024 12:31:18 AM] ...m-data/lazy/mason.nvim/lua/mason-core/installer/init.lua:245: Installation succeeded for Package(name=tailwindcss-language-server)
[INFO  5/21/2024 12:31:19 AM] ...m-data/lazy/mason.nvim/lua/mason-core/installer/init.lua:184: Executing installer for Package(name=graphql-language-service-cli) {}
[INFO  5/21/2024 12:31:19 AM] ...m-data/lazy/mason.nvim/lua/mason-core/installer/init.lua:245: Installation succeeded for Package(name=html-lsp)
[INFO  5/21/2024 12:31:22 AM] ...m-data/lazy/mason.nvim/lua/mason-core/installer/init.lua:184: Executing installer for Package(name=emmet-ls) {}
[INFO  5/21/2024 12:31:22 AM] ...m-data/lazy/mason.nvim/lua/mason-core/installer/init.lua:245: Installation succeeded for Package(name=css-lsp)
[INFO  5/21/2024 12:31:27 AM] ...m-data/lazy/mason.nvim/lua/mason-core/installer/init.lua:184: Executing installer for Package(name=prisma-language-server) {}
[INFO  5/21/2024 12:31:27 AM] ...m-data/lazy/mason.nvim/lua/mason-core/installer/init.lua:245: Installation succeeded for Package(name=lua-language-server)
[INFO  5/21/2024 12:31:30 AM] ...m-data/lazy/mason.nvim/lua/mason-core/installer/init.lua:184: Executing installer for Package(name=pyright) {}
[INFO  5/21/2024 12:31:30 AM] ...m-data/lazy/mason.nvim/lua/mason-core/installer/init.lua:245: Installation succeeded for Package(name=emmet-ls)
[INFO  5/21/2024 12:31:32 AM] ...m-data/lazy/mason.nvim/lua/mason-core/installer/init.lua:245: Installation succeeded for Package(name=svelte-language-server)
[INFO  5/21/2024 12:31:44 AM] ...m-data/lazy/mason.nvim/lua/mason-core/installer/init.lua:245: Installation succeeded for Package(name=prisma-language-server)
[INFO  5/21/2024 12:31:44 AM] ...m-data/lazy/mason.nvim/lua/mason-core/installer/init.lua:245: Installation succeeded for Package(name=pyright)
[INFO  5/21/2024 12:31:45 AM] ...m-data/lazy/mason.nvim/lua/mason-core/installer/init.lua:245: Installation succeeded for Package(name=graphql-language-service-cli)
