[10:54:06.581][info] [#0:C:/Users/John Michael Abbas/AppData/Local/nvim-data/mason/packages/lua-language-server\main.lua:66]: Lua Lsp startup, root: 	C:/Users/John Michael Abbas/AppData/Local/nvim-data/mason/packages/lua-language-server
[10:54:06.581][info] [#0:C:/Users/John Michael Abbas/AppData/Local/nvim-data/mason/packages/lua-language-server\main.lua:67]: ROOT:	C:/Users/John Michael Abbas/AppData/Local/nvim-data/mason/packages/lua-language-server
[10:54:06.581][info] [#0:C:/Users/John Michael Abbas/AppData/Local/nvim-data/mason/packages/lua-language-server\main.lua:68]: LOGPATH:	C:/Users/John Michael Abbas/AppData/Local/nvim-data/mason/packages/lua-language-server/log
[10:54:06.581][info] [#0:C:/Users/John Michael Abbas/AppData/Local/nvim-data/mason/packages/lua-language-server\main.lua:69]: METAPATH:	C:/Users/John Michael Abbas/AppData/Local/nvim-data/mason/packages/lua-language-server/meta
[10:54:06.581][info] [#0:C:/Users/John Michael Abbas/AppData/Local/nvim-data/mason/packages/lua-language-server\main.lua:70]: VERSION:	3.6.21
[10:54:06.628][info] [#0:script\service\service.lua:144]: 
========= Medical Examination Report =========
    --------------- Memory ---------------
        Total: 2.128 MB
        # 00 : 2.128 MB
        # 01 : 0.000 MB
        # 02 : 0.000 MB
        # 03 : 0.000 MB
        # 04 : 0.000 MB
    --------------- Coroutine ---------------
        Total:     0
        Running:   0
        Suspended: 0
        Normal:    0
        Dead:      0
    --------------- Cache ---------------
        Total: 1
        Dead:  0
    ---------------  RPC  ---------------
        Holdon:   0
        Waiting:  0
==============================================
[10:54:06.644][info] [#0:script\client.lua:657]: Client init	{
  capabilities = {
    textDocument = {
      callHierarchy = {
        dynamicRegistration = false
      },
      codeAction = {
        codeActionLiteralSupport = {
          codeActionKind = {
            valueSet = { "", "quickfix", "refactor", "refactor.extract", "refactor.inline", "refactor.rewrite", "source", "source.organizeImports" }
          }
        },
        dataSupport = true,
        dynamicRegistration = false,
        isPreferredSupport = true,
        resolveSupport = {
          properties = { "edit" }
        }
      },
      completion = {
        completionItem = {
          commitCharactersSupport = true,
          deprecatedSupport = true,
          documentationFormat = { "markdown", "plaintext" },
          insertReplaceSupport = true,
          insertTextModeSupport = {
            valueSet = { 1, 2 }
          },
          labelDetailsSupport = true,
          preselectSupport = true,
          resolveSupport = {
            properties = { "documentation", "detail", "additionalTextEdits" }
          },
          snippetSupport = true,
          tagSupport = {
            valueSet = { 1 }
          }
        },
        completionItemKind = {
          valueSet = { 1, 2, 3, 4, 5, 6, 7, 8, 9, 10, 11, 12, 13, 14, 15, 16, 17, 18, 19, 20, 21, 22, 23, 24, 25 }
        },
        completionList = {
          itemDefaults = { "commitCharacters", "editRange", "insertTextFormat", "insertTextMode", "data" }
        },
        contextSupport = true,
        dynamicRegistration = false,
        insertTextMode = 1
      },
      declaration = {
        linkSupport = true
      },
      definition = {
        linkSupport = true
      },
      documentHighlight = {
        dynamicRegistration = false
      },
      documentSymbol = {
        dynamicRegistration = false,
        hierarchicalDocumentSymbolSupport = true,
        symbolKind = {
          valueSet = { 1, 2, 3, 4, 5, 6, 7, 8, 9, 10, 11, 12, 13, 14, 15, 16, 17, 18, 19, 20, 21, 22, 23, 24, 25, 26 }
        }
      },
      hover = {
        contentFormat = { "markdown", "plaintext" },
        dynamicRegistration = false
      },
      implementation = {
        linkSupport = true
      },
      publishDiagnostics = {
        relatedInformation = true,
        tagSupport = {
          valueSet = { 1, 2 }
        }
      },
      references = {
        dynamicRegistration = false
      },
      rename = {
        dynamicRegistration = false,
        prepareSupport = true
      },
      semanticTokens = {
        augmentsSyntaxTokens = true,
        dynamicRegistration = false,
        formats = { "relative" },
        multilineTokenSupport = false,
        overlappingTokenSupport = true,
        requests = {
          full = {
            delta = true
          },
          range = false
        },
        serverCancelSupport = false,
        tokenModifiers = { "declaration", "definition", "readonly", "static", "deprecated", "abstract", "async", "modification", "documentation", "defaultLibrary" },
        tokenTypes = { "namespace", "type", "class", "enum", "interface", "struct", "typeParameter", "parameter", "variable", "property", "enumMember", "event", "function", "method", "macro", "keyword", "modifier", "comment", "string", "number", "regexp", "operator", "decorator" }
      },
      signatureHelp = {
        dynamicRegistration = false,
        signatureInformation = {
          activeParameterSupport = true,
          documentationFormat = { "markdown", "plaintext" },
          parameterInformation = {
            labelOffsetSupport = true
          }
        }
      },
      synchronization = {
        didSave = true,
        dynamicRegistration = false,
        willSave = true,
        willSaveWaitUntil = true
      },
      typeDefinition = {
        linkSupport = true
      }
    },
    window = {
      showDocument = {
        support = true
      },
      showMessage = {
        messageActionItem = {
          additionalPropertiesSupport = false
        }
      },
      workDoneProgress = true
    },
    workspace = {
      applyEdit = true,
      configuration = true,
      didChangeWatchedFiles = {
        dynamicRegistration = false,
        relativePatternSupport = true
      },
      semanticTokens = {
        refreshSupport = true
      },
      symbol = {
        dynamicRegistration = false,
        hierarchicalWorkspaceSymbolSupport = true,
        symbolKind = {
          valueSet = { 1, 2, 3, 4, 5, 6, 7, 8, 9, 10, 11, 12, 13, 14, 15, 16, 17, 18, 19, 20, 21, 22, 23, 24, 25, 26 }
        }
      },
      workspaceEdit = {
        resourceOperations = { "rename", "create", "delete" }
      },
      workspaceFolders = true
    }
  },
  clientInfo = {
    name = "Neovim",
    version = "0.9.0"
  },
  initializationOptions = {},
  processId = 14416,
  rootPath = "C:\\Users\\John Michael Abbas\\AppData\\Local\\nvim\\lua\\",
  rootUri = "file:///C:/Users/John%20Michael%20Abbas/AppData/Local/nvim/lua/",
  trace = "off",
  workspaceFolders = { {
      name = "C:/Users/John Michael Abbas/AppData/Local/nvim/lua/",
      uri = "file:///C:/Users/John%20Michael%20Abbas/AppData/Local/nvim/lua/"
    } }
}
[10:54:06.644][info] [#0:script\language.lua:137]: VSC language: nil
[10:54:06.644][info] [#0:script\language.lua:138]: LS  language: en-us
[10:54:06.644][info] [#0:script\workspace\workspace.lua:38]: Workspace init root: 	file:///C:/Users/John%20Michael%20Abbas/AppData/Local/nvim/lua/
[10:54:06.644][info] [#0:script\workspace\workspace.lua:42]: Log path: 	C:/Users/John Michael Abbas/AppData/Local/nvim-data/mason/packages/lua-language-server/log/file_C_Users_John%20Michael%20Abbas_AppData_Local_nvim_lua_.log
[10:54:06.675][warn] [#0:script\files.lua:111]: Fix real file uri: file:///c%3A/Users/John%20Michael%20Abbas/AppData/Local/nvim/lua/ -> file:///c%3A/Users/John%20Michael%20Abbas/AppData/Local/nvim/lua/lua
[10:54:06.675][info] [#0:script\workspace\workspace.lua:48]: Workspace create: 	file:///c%3A/Users/John%20Michael%20Abbas/AppData/Local/nvim/lua/lua
[10:54:06.691][info] [#0:script\provider\provider.lua:46]: Load config from client	file:///c%3A/Users/John%20Michael%20Abbas/AppData/Local/nvim/lua/lua
[10:54:06.691][info] [#0:script\provider\provider.lua:47]: {
  Lua = {
    diagnostics = {
      globals = { "vim" }
    },
    telemetry = {
      enable = false
    },
    workspace = {
      library = {
        ["C:\\Users\\John Michael Abbas\\AppData\\Local\\Programs\\Neovim\\share\\nvim\\runtime\\lua"] = true,
        ["C:\\Users\\John Michael Abbas\\AppData\\Local\\nvim/lua"] = true
      }
    }
  }
}
[10:54:06.691][info] [#0:script\provider\provider.lua:46]: Load config from client	file:///c%3A/Users/John%20Michael%20Abbas/AppData/Local/nvim/lua/lua
[10:54:06.691][info] [#0:script\provider\provider.lua:47]: {
  Lua = {
    diagnostics = {
      globals = { "vim" }
    },
    telemetry = {
      enable = false
    },
    workspace = {
      library = {
        ["C:\\Users\\John Michael Abbas\\AppData\\Local\\Programs\\Neovim\\share\\nvim\\runtime\\lua"] = true,
        ["C:\\Users\\John Michael Abbas\\AppData\\Local\\nvim/lua"] = true
      }
    }
  }
}
[10:54:06.691][info] [#0:script\provider\provider.lua:46]: Load config from client	file:///c%3A/Users/John%20Michael%20Abbas/AppData/Local/nvim/lua/lua
[10:54:06.691][info] [#0:script\provider\provider.lua:47]: {
  Lua = {
    diagnostics = {
      globals = { "vim" }
    },
    telemetry = {
      enable = false
    },
    workspace = {
      library = {
        ["C:\\Users\\John Michael Abbas\\AppData\\Local\\Programs\\Neovim\\share\\nvim\\runtime\\lua"] = true,
        ["C:\\Users\\John Michael Abbas\\AppData\\Local\\nvim/lua"] = true
      }
    }
  }
}
[10:54:06.800][info] [#0:script\provider\provider.lua:61]: Load config from client	fallback
[10:54:06.800][info] [#0:script\provider\provider.lua:62]: {
  Lua = {
    diagnostics = {
      globals = { "vim" }
    },
    telemetry = {
      enable = false
    },
    workspace = {
      library = {
        ["C:\\Users\\John Michael Abbas\\AppData\\Local\\Programs\\Neovim\\share\\nvim\\runtime\\lua"] = true,
        ["C:\\Users\\John Michael Abbas\\AppData\\Local\\nvim/lua"] = true
      }
    }
  }
}
[10:54:06.800][info] [#0:script\library.lua:212]: Init builtin library at:	file:///c%3A/Users/John%20Michael%20Abbas/AppData/Local/nvim/lua/lua
[10:54:06.956][info] [#0:script\plugin.lua:86]: plugin path:	C:\Users\John Michael Abbas\AppData\Local\nvim\lua\lua
[10:54:06.956][warn] [#0:script\plugin.lua:101]: plugin not found:	C:\Users\John Michael Abbas\AppData\Local\nvim\lua\lua
[10:54:06.956][info] [#0:script\library.lua:212]: Init builtin library at:	nil
[10:54:07.003][info] [#0:script\provider\provider.lua:61]: Load config from client	fallback
[10:54:07.003][info] [#0:script\provider\provider.lua:62]: {
  Lua = {
    diagnostics = {
      globals = { "vim" }
    },
    telemetry = {
      enable = false
    },
    workspace = {
      library = {
        ["C:\\Users\\John Michael Abbas\\AppData\\Local\\Programs\\Neovim\\share\\nvim\\runtime\\lua"] = true,
        ["C:\\Users\\John Michael Abbas\\AppData\\Local\\nvim/lua"] = true
      }
    }
  }
}
[10:54:07.003][info] [#0:script\provider\provider.lua:61]: Load config from client	fallback
[10:54:07.003][info] [#0:script\provider\provider.lua:62]: {
  Lua = {
    diagnostics = {
      globals = { "vim" }
    },
    telemetry = {
      enable = false
    },
    workspace = {
      library = {
        ["C:\\Users\\John Michael Abbas\\AppData\\Local\\Programs\\Neovim\\share\\nvim\\runtime\\lua"] = true,
        ["C:\\Users\\John Michael Abbas\\AppData\\Local\\nvim/lua"] = true
      }
    }
  }
}
[10:54:07.003][info] [#0:script\workspace\workspace.lua:322]: Preload start:	file:///c%3A/Users/John%20Michael%20Abbas/AppData/Local/nvim/lua/lua
[10:54:07.003][info] [#0:script\workspace\workspace.lua:328]: Scan files at:	file:///c%3A/Users/John%20Michael%20Abbas/AppData/Local/nvim/lua/lua
[10:54:07.019][info] [#0:script\workspace\workspace.lua:322]: Preload start:	<fallback>
[10:54:07.019][info] [#0:script\workspace\workspace.lua:351]: Scan library at:	file:///c%3A/Users/John%20Michael%20Abbas/AppData/Local/Programs/Neovim/share/nvim/runtime/lua
[10:54:07.019][info] [#0:script\workspace\workspace.lua:351]: Scan library at:	file:///c%3A/Users/John%20Michael%20Abbas/AppData/Local/Programs/Neovim/share/nvim/runtime/lua
[10:54:07.034][info] [#0:script\workspace\workspace.lua:351]: Scan library at:	file:///c%3A/Users/John%20Michael%20Abbas/AppData/Local/nvim-data/mason/packages/lua-language-server/meta/Lua%205.4%20en-us%20utf8/debug.lua
[10:54:07.034][info] [#0:script\workspace\workspace.lua:351]: Scan library at:	file:///c%3A/Users/John%20Michael%20Abbas/AppData/Local/nvim-data/mason/packages/lua-language-server/meta/Lua%205.4%20en-us%20utf8/debug.lua
[10:54:07.034][info] [#0:script\workspace\workspace.lua:351]: Scan library at:	file:///c%3A/Users/John%20Michael%20Abbas/AppData/Local/nvim-data/mason/packages/lua-language-server/meta/Lua%205.4%20en-us%20utf8/math.lua
[10:54:07.034][info] [#0:script\workspace\workspace.lua:351]: Scan library at:	file:///c%3A/Users/John%20Michael%20Abbas/AppData/Local/nvim-data/mason/packages/lua-language-server/meta/Lua%205.4%20en-us%20utf8/math.lua
[10:54:07.034][info] [#0:script\workspace\workspace.lua:351]: Scan library at:	file:///c%3A/Users/John%20Michael%20Abbas/AppData/Local/nvim-data/mason/packages/lua-language-server/meta/Lua%205.4%20en-us%20utf8/string.lua
[10:54:07.034][info] [#0:script\workspace\workspace.lua:351]: Scan library at:	file:///c%3A/Users/John%20Michael%20Abbas/AppData/Local/nvim-data/mason/packages/lua-language-server/meta/Lua%205.4%20en-us%20utf8/string.lua
[10:54:07.034][info] [#0:script\workspace\workspace.lua:351]: Scan library at:	file:///c%3A/Users/John%20Michael%20Abbas/AppData/Local/nvim-data/mason/packages/lua-language-server/meta/Lua%205.4%20en-us%20utf8/package.lua
[10:54:07.034][info] [#0:script\workspace\workspace.lua:351]: Scan library at:	file:///c%3A/Users/John%20Michael%20Abbas/AppData/Local/nvim-data/mason/packages/lua-language-server/meta/Lua%205.4%20en-us%20utf8/package.lua
[10:54:07.034][info] [#0:script\workspace\workspace.lua:351]: Scan library at:	file:///c%3A/Users/John%20Michael%20Abbas/AppData/Local/nvim-data/mason/packages/lua-language-server/meta/Lua%205.4%20en-us%20utf8/table.lua
[10:54:07.050][info] [#0:script\workspace\workspace.lua:351]: Scan library at:	file:///c%3A/Users/John%20Michael%20Abbas/AppData/Local/nvim-data/mason/packages/lua-language-server/meta/Lua%205.4%20en-us%20utf8/table.lua
[10:54:07.050][info] [#0:script\workspace\workspace.lua:351]: Scan library at:	file:///c%3A/Users/John%20Michael%20Abbas/AppData/Local/nvim-data/mason/packages/lua-language-server/meta/Lua%205.4%20en-us%20utf8/utf8.lua
[10:54:07.050][info] [#0:script\workspace\workspace.lua:351]: Scan library at:	file:///c%3A/Users/John%20Michael%20Abbas/AppData/Local/nvim-data/mason/packages/lua-language-server/meta/Lua%205.4%20en-us%20utf8/utf8.lua
[10:54:07.050][info] [#0:script\workspace\workspace.lua:351]: Scan library at:	file:///c%3A/Users/John%20Michael%20Abbas/AppData/Local/nvim-data/mason/packages/lua-language-server/meta/Lua%205.4%20en-us%20utf8/coroutine.lua
[10:54:07.050][info] [#0:script\workspace\workspace.lua:351]: Scan library at:	file:///c%3A/Users/John%20Michael%20Abbas/AppData/Local/nvim-data/mason/packages/lua-language-server/meta/Lua%205.4%20en-us%20utf8/coroutine.lua
[10:54:07.050][info] [#0:script\workspace\workspace.lua:351]: Scan library at:	file:///c%3A/Users/John%20Michael%20Abbas/AppData/Local/nvim-data/mason/packages/lua-language-server/meta/Lua%205.4%20en-us%20utf8/basic.lua
[10:54:07.050][info] [#0:script\workspace\workspace.lua:351]: Scan library at:	file:///c%3A/Users/John%20Michael%20Abbas/AppData/Local/nvim-data/mason/packages/lua-language-server/meta/Lua%205.4%20en-us%20utf8/basic.lua
[10:54:07.050][info] [#0:script\workspace\workspace.lua:351]: Scan library at:	file:///c%3A/Users/John%20Michael%20Abbas/AppData/Local/nvim-data/mason/packages/lua-language-server/meta/Lua%205.4%20en-us%20utf8/builtin.lua
[10:54:07.050][info] [#0:script\workspace\workspace.lua:351]: Scan library at:	file:///c%3A/Users/John%20Michael%20Abbas/AppData/Local/nvim-data/mason/packages/lua-language-server/meta/Lua%205.4%20en-us%20utf8/builtin.lua
[10:54:07.050][info] [#0:script\workspace\workspace.lua:351]: Scan library at:	file:///c%3A/Users/John%20Michael%20Abbas/AppData/Local/nvim-data/mason/packages/lua-language-server/meta/Lua%205.4%20en-us%20utf8/os.lua
[10:54:07.050][info] [#0:script\workspace\workspace.lua:351]: Scan library at:	file:///c%3A/Users/John%20Michael%20Abbas/AppData/Local/nvim-data/mason/packages/lua-language-server/meta/Lua%205.4%20en-us%20utf8/os.lua
[10:54:07.050][info] [#0:script\workspace\workspace.lua:351]: Scan library at:	file:///c%3A/Users/John%20Michael%20Abbas/AppData/Local/nvim-data/mason/packages/lua-language-server/meta/Lua%205.4%20en-us%20utf8/io.lua
[10:54:07.050][info] [#0:script\workspace\workspace.lua:351]: Scan library at:	file:///c%3A/Users/John%20Michael%20Abbas/AppData/Local/nvim-data/mason/packages/lua-language-server/meta/Lua%205.4%20en-us%20utf8/io.lua
[10:54:07.050][info] [#0:script\workspace\workspace.lua:351]: Scan library at:	file:///c%3A/Users/John%20Michael%20Abbas/AppData/Local/nvim/lua
[10:54:07.050][info] [#0:script\workspace\workspace.lua:351]: Scan library at:	file:///c%3A/Users/John%20Michael%20Abbas/AppData/Local/nvim/lua
[10:54:07.175][info] [#0:script\workspace\workspace.lua:377]: Found 83 files at:	<fallback>
[10:54:07.175][info] [#0:script\workspace\loading.lua:161]: Load files from disk:	<fallback>
[10:54:07.175][info] [#0:script\workspace\workspace.lua:377]: Found 83 files at:	file:///c%3A/Users/John%20Michael%20Abbas/AppData/Local/nvim/lua/lua
[10:54:07.175][info] [#0:script\workspace\loading.lua:161]: Load files from disk:	file:///c%3A/Users/John%20Michael%20Abbas/AppData/Local/nvim/lua/lua
[10:54:07.175][info] [#0:script\workspace\loading.lua:89]: Skip loaded file: file:///c%3A/Users/John%20Michael%20Abbas/AppData/Local/nvim/lua/Jchael/core/keymaps.lua
[10:54:07.175][info] [#0:script\workspace\loading.lua:113]: ++++As library of:	file:///c%3A/Users/John%20Michael%20Abbas/AppData/Local/nvim/lua
[10:54:07.175][info] [#0:script\workspace\loading.lua:89]: Skip loaded file: file:///c%3A/Users/John%20Michael%20Abbas/AppData/Local/nvim/lua/Jchael/core/keymaps.lua
[10:54:07.175][info] [#0:script\workspace\loading.lua:113]: ++++As library of:	file:///c%3A/Users/John%20Michael%20Abbas/AppData/Local/nvim/lua
[10:54:07.175][info] [#0:script\workspace\loading.lua:101]: Preload file at: file:///c%3A/Users/John%20Michael%20Abbas/AppData/Local/nvim/lua/Jchael/core/colorscheme.lua , size = 1.541 KB
[10:54:07.175][info] [#0:script\workspace\loading.lua:113]: ++++As library of:	file:///c%3A/Users/John%20Michael%20Abbas/AppData/Local/nvim/lua
[10:54:07.175][info] [#0:script\workspace\loading.lua:98]: Skip loaded file: file:///c%3A/Users/John%20Michael%20Abbas/AppData/Local/nvim/lua/Jchael/core/colorscheme.lua
[10:54:07.175][info] [#0:script\workspace\loading.lua:101]: Preload file at: file:///c%3A/Users/John%20Michael%20Abbas/AppData/Local/nvim/lua/Jchael/core/options.lua , size = 0.695 KB
[10:54:07.191][info] [#0:script\workspace\loading.lua:113]: ++++As library of:	file:///c%3A/Users/John%20Michael%20Abbas/AppData/Local/nvim/lua
[10:54:07.191][info] [#0:script\workspace\loading.lua:98]: Skip loaded file: file:///c%3A/Users/John%20Michael%20Abbas/AppData/Local/nvim/lua/Jchael/core/options.lua
[10:54:07.191][info] [#0:script\workspace\loading.lua:101]: Preload file at: file:///c%3A/Users/John%20Michael%20Abbas/AppData/Local/nvim/lua/Jchael/plugins/autopairs.lua , size = 0.839 KB
[10:54:07.191][info] [#0:script\workspace\loading.lua:113]: ++++As library of:	file:///c%3A/Users/John%20Michael%20Abbas/AppData/Local/nvim/lua
[10:54:07.191][info] [#0:script\workspace\loading.lua:98]: Skip loaded file: file:///c%3A/Users/John%20Michael%20Abbas/AppData/Local/nvim/lua/Jchael/plugins/autopairs.lua
[10:54:07.191][info] [#0:script\workspace\loading.lua:101]: Preload file at: file:///c%3A/Users/John%20Michael%20Abbas/AppData/Local/nvim/lua/Jchael/plugins/bufferline.lua , size = 0.783 KB
[10:54:07.191][info] [#0:script\workspace\loading.lua:113]: ++++As library of:	file:///c%3A/Users/John%20Michael%20Abbas/AppData/Local/nvim/lua
[10:54:07.191][info] [#0:script\workspace\loading.lua:98]: Skip loaded file: file:///c%3A/Users/John%20Michael%20Abbas/AppData/Local/nvim/lua/Jchael/plugins/bufferline.lua
[10:54:07.191][info] [#0:script\workspace\loading.lua:101]: Preload file at: file:///c%3A/Users/John%20Michael%20Abbas/AppData/Local/nvim/lua/Jchael/plugins/colorizer.lua , size = 0.122 KB
[10:54:07.191][info] [#0:script\workspace\loading.lua:113]: ++++As library of:	file:///c%3A/Users/John%20Michael%20Abbas/AppData/Local/nvim/lua
[10:54:07.191][info] [#0:script\workspace\loading.lua:98]: Skip loaded file: file:///c%3A/Users/John%20Michael%20Abbas/AppData/Local/nvim/lua/Jchael/plugins/colorizer.lua
[10:54:07.191][info] [#0:script\workspace\loading.lua:101]: Preload file at: file:///c%3A/Users/John%20Michael%20Abbas/AppData/Local/nvim/lua/Jchael/plugins/comment.lua , size = 0.102 KB
[10:54:07.191][info] [#0:script\workspace\loading.lua:113]: ++++As library of:	file:///c%3A/Users/John%20Michael%20Abbas/AppData/Local/nvim/lua
[10:54:07.191][info] [#0:script\workspace\loading.lua:98]: Skip loaded file: file:///c%3A/Users/John%20Michael%20Abbas/AppData/Local/nvim/lua/Jchael/plugins/comment.lua
[10:54:07.191][info] [#0:script\workspace\loading.lua:101]: Preload file at: file:///c%3A/Users/John%20Michael%20Abbas/AppData/Local/nvim/lua/Jchael/plugins/flutter.lua , size = 0.122 KB
[10:54:07.206][info] [#0:script\workspace\loading.lua:113]: ++++As library of:	file:///c%3A/Users/John%20Michael%20Abbas/AppData/Local/nvim/lua
[10:54:07.206][info] [#0:script\workspace\loading.lua:98]: Skip loaded file: file:///c%3A/Users/John%20Michael%20Abbas/AppData/Local/nvim/lua/Jchael/plugins/flutter.lua
[10:54:07.206][info] [#0:script\workspace\loading.lua:101]: Preload file at: file:///c%3A/Users/John%20Michael%20Abbas/AppData/Local/nvim/lua/Jchael/plugins/git.lua , size = 0.166 KB
[10:54:07.206][info] [#0:script\workspace\loading.lua:113]: ++++As library of:	file:///c%3A/Users/John%20Michael%20Abbas/AppData/Local/nvim/lua
[10:54:07.206][info] [#0:script\workspace\loading.lua:98]: Skip loaded file: file:///c%3A/Users/John%20Michael%20Abbas/AppData/Local/nvim/lua/Jchael/plugins/git.lua
[10:54:07.206][info] [#0:script\workspace\loading.lua:101]: Preload file at: file:///c%3A/Users/John%20Michael%20Abbas/AppData/Local/nvim/lua/Jchael/plugins/gitsigns.lua , size = 0.133 KB
[10:54:07.206][info] [#0:script\workspace\loading.lua:113]: ++++As library of:	file:///c%3A/Users/John%20Michael%20Abbas/AppData/Local/nvim/lua
[10:54:07.206][info] [#0:script\workspace\loading.lua:98]: Skip loaded file: file:///c%3A/Users/John%20Michael%20Abbas/AppData/Local/nvim/lua/Jchael/plugins/gitsigns.lua
[10:54:07.206][info] [#0:script\workspace\loading.lua:101]: Preload file at: file:///c%3A/Users/John%20Michael%20Abbas/AppData/Local/nvim/lua/Jchael/plugins/lsp/lspconfig.lua , size = 4.079 KB
[10:54:07.206][info] [#0:script\workspace\loading.lua:113]: ++++As library of:	file:///c%3A/Users/John%20Michael%20Abbas/AppData/Local/nvim/lua
[10:54:07.206][info] [#0:script\workspace\loading.lua:98]: Skip loaded file: file:///c%3A/Users/John%20Michael%20Abbas/AppData/Local/nvim/lua/Jchael/plugins/lsp/lspconfig.lua
[10:54:07.206][info] [#0:script\workspace\loading.lua:101]: Preload file at: file:///c%3A/Users/John%20Michael%20Abbas/AppData/Local/nvim/lua/Jchael/plugins/lsp/lspsaga.lua , size = 0.387 KB
[10:54:07.206][info] [#0:script\workspace\loading.lua:113]: ++++As library of:	file:///c%3A/Users/John%20Michael%20Abbas/AppData/Local/nvim/lua
[10:54:07.206][info] [#0:script\workspace\loading.lua:98]: Skip loaded file: file:///c%3A/Users/John%20Michael%20Abbas/AppData/Local/nvim/lua/Jchael/plugins/lsp/lspsaga.lua
[10:54:07.206][info] [#0:script\workspace\loading.lua:101]: Preload file at: file:///c%3A/Users/John%20Michael%20Abbas/AppData/Local/nvim/lua/Jchael/plugins/lsp/mason.lua , size = 1.160 KB
[10:54:07.206][info] [#0:script\workspace\loading.lua:113]: ++++As library of:	file:///c%3A/Users/John%20Michael%20Abbas/AppData/Local/nvim/lua
[10:54:07.206][info] [#0:script\workspace\loading.lua:98]: Skip loaded file: file:///c%3A/Users/John%20Michael%20Abbas/AppData/Local/nvim/lua/Jchael/plugins/lsp/mason.lua
[10:54:07.206][info] [#0:script\workspace\loading.lua:101]: Preload file at: file:///c%3A/Users/John%20Michael%20Abbas/AppData/Local/nvim/lua/Jchael/plugins/lsp/null-ls.lua , size = 1.577 KB
[10:54:07.206][info] [#0:script\workspace\loading.lua:113]: ++++As library of:	file:///c%3A/Users/John%20Michael%20Abbas/AppData/Local/nvim/lua
[10:54:07.206][info] [#0:script\workspace\loading.lua:98]: Skip loaded file: file:///c%3A/Users/John%20Michael%20Abbas/AppData/Local/nvim/lua/Jchael/plugins/lsp/null-ls.lua
[10:54:07.206][info] [#0:script\workspace\loading.lua:101]: Preload file at: file:///c%3A/Users/John%20Michael%20Abbas/AppData/Local/nvim/lua/Jchael/plugins/lualine.lua , size = 1.274 KB
[10:54:07.222][info] [#0:script\workspace\loading.lua:113]: ++++As library of:	file:///c%3A/Users/John%20Michael%20Abbas/AppData/Local/nvim/lua
[10:54:07.222][info] [#0:script\workspace\loading.lua:98]: Skip loaded file: file:///c%3A/Users/John%20Michael%20Abbas/AppData/Local/nvim/lua/Jchael/plugins/lualine.lua
[10:54:07.222][info] [#0:script\workspace\loading.lua:101]: Preload file at: file:///c%3A/Users/John%20Michael%20Abbas/AppData/Local/nvim/lua/Jchael/plugins/nvim-cmp.lua , size = 1.326 KB
[10:54:07.222][info] [#0:script\workspace\loading.lua:113]: ++++As library of:	file:///c%3A/Users/John%20Michael%20Abbas/AppData/Local/nvim/lua
[10:54:07.222][info] [#0:script\workspace\loading.lua:98]: Skip loaded file: file:///c%3A/Users/John%20Michael%20Abbas/AppData/Local/nvim/lua/Jchael/plugins/nvim-cmp.lua
[10:54:07.222][info] [#0:script\workspace\loading.lua:101]: Preload file at: file:///c%3A/Users/John%20Michael%20Abbas/AppData/Local/nvim/lua/Jchael/plugins/nvim-tree.lua , size = 1.195 KB
[10:54:07.222][info] [#0:script\workspace\loading.lua:113]: ++++As library of:	file:///c%3A/Users/John%20Michael%20Abbas/AppData/Local/nvim/lua
[10:54:07.222][info] [#0:script\workspace\loading.lua:98]: Skip loaded file: file:///c%3A/Users/John%20Michael%20Abbas/AppData/Local/nvim/lua/Jchael/plugins/nvim-tree.lua
[10:54:07.222][info] [#0:script\workspace\loading.lua:101]: Preload file at: file:///c%3A/Users/John%20Michael%20Abbas/AppData/Local/nvim/lua/Jchael/plugins/prettier.lua , size = 0.297 KB
[10:54:07.222][info] [#0:script\workspace\loading.lua:113]: ++++As library of:	file:///c%3A/Users/John%20Michael%20Abbas/AppData/Local/nvim/lua
[10:54:07.222][info] [#0:script\workspace\loading.lua:98]: Skip loaded file: file:///c%3A/Users/John%20Michael%20Abbas/AppData/Local/nvim/lua/Jchael/plugins/prettier.lua
[10:54:07.222][info] [#0:script\workspace\loading.lua:101]: Preload file at: file:///c%3A/Users/John%20Michael%20Abbas/AppData/Local/nvim/lua/Jchael/plugins/telescope.lua , size = 0.520 KB
[10:54:07.222][info] [#0:script\workspace\loading.lua:113]: ++++As library of:	file:///c%3A/Users/John%20Michael%20Abbas/AppData/Local/nvim/lua
[10:54:07.222][info] [#0:script\workspace\loading.lua:98]: Skip loaded file: file:///c%3A/Users/John%20Michael%20Abbas/AppData/Local/nvim/lua/Jchael/plugins/telescope.lua
[10:54:07.222][info] [#0:script\workspace\loading.lua:101]: Preload file at: file:///c%3A/Users/John%20Michael%20Abbas/AppData/Local/nvim/lua/Jchael/plugins/treesitter.lua , size = 0.800 KB
[10:54:07.222][info] [#0:script\workspace\loading.lua:113]: ++++As library of:	file:///c%3A/Users/John%20Michael%20Abbas/AppData/Local/nvim/lua
[10:54:07.222][info] [#0:script\workspace\loading.lua:98]: Skip loaded file: file:///c%3A/Users/John%20Michael%20Abbas/AppData/Local/nvim/lua/Jchael/plugins/treesitter.lua
[10:54:07.222][info] [#0:script\workspace\loading.lua:101]: Preload file at: file:///c%3A/Users/John%20Michael%20Abbas/AppData/Local/nvim/lua/Jchael/plugins-setup.lua , size = 3.674 KB
[10:54:07.222][info] [#0:script\workspace\loading.lua:113]: ++++As library of:	file:///c%3A/Users/John%20Michael%20Abbas/AppData/Local/nvim/lua
[10:54:07.222][info] [#0:script\workspace\loading.lua:98]: Skip loaded file: file:///c%3A/Users/John%20Michael%20Abbas/AppData/Local/nvim/lua/Jchael/plugins-setup.lua
[10:54:07.222][info] [#0:script\workspace\loading.lua:101]: Preload file at: file:///c%3A/Users/John%20Michael%20Abbas/AppData/Local/nvim-data/mason/packages/lua-language-server/meta/Lua%205.4%20en-us%20utf8/io.lua , size = 6.364 KB
[10:54:07.237][info] [#0:script\workspace\loading.lua:113]: ++++As library of:	file:///c%3A/Users/John%20Michael%20Abbas/AppData/Local/nvim-data/mason/packages/lua-language-server/meta/Lua%205.4%20en-us%20utf8/io.lua
[10:54:07.237][info] [#0:script\workspace\loading.lua:98]: Skip loaded file: file:///c%3A/Users/John%20Michael%20Abbas/AppData/Local/nvim-data/mason/packages/lua-language-server/meta/Lua%205.4%20en-us%20utf8/io.lua
[10:54:07.237][info] [#0:script\workspace\loading.lua:101]: Preload file at: file:///c%3A/Users/John%20Michael%20Abbas/AppData/Local/nvim-data/mason/packages/lua-language-server/meta/Lua%205.4%20en-us%20utf8/os.lua , size = 4.347 KB
[10:54:07.237][info] [#0:script\workspace\loading.lua:113]: ++++As library of:	file:///c%3A/Users/John%20Michael%20Abbas/AppData/Local/nvim-data/mason/packages/lua-language-server/meta/Lua%205.4%20en-us%20utf8/os.lua
[10:54:07.237][info] [#0:script\workspace\loading.lua:101]: Preload file at: file:///c%3A/Users/John%20Michael%20Abbas/AppData/Local/nvim-data/mason/packages/lua-language-server/meta/Lua%205.4%20en-us%20utf8/builtin.lua , size = 0.302 KB
[10:54:07.237][info] [#0:script\workspace\loading.lua:113]: ++++As library of:	file:///c%3A/Users/John%20Michael%20Abbas/AppData/Local/nvim-data/mason/packages/lua-language-server/meta/Lua%205.4%20en-us%20utf8/builtin.lua
[10:54:07.237][info] [#0:script\workspace\loading.lua:98]: Skip loaded file: file:///c%3A/Users/John%20Michael%20Abbas/AppData/Local/nvim-data/mason/packages/lua-language-server/meta/Lua%205.4%20en-us%20utf8/os.lua
[10:54:07.237][info] [#0:script\workspace\loading.lua:98]: Skip loaded file: file:///c%3A/Users/John%20Michael%20Abbas/AppData/Local/nvim-data/mason/packages/lua-language-server/meta/Lua%205.4%20en-us%20utf8/builtin.lua
[10:54:07.237][info] [#0:script\workspace\loading.lua:101]: Preload file at: file:///c%3A/Users/John%20Michael%20Abbas/AppData/Local/nvim-data/mason/packages/lua-language-server/meta/Lua%205.4%20en-us%20utf8/basic.lua , size = 14.160 KB
[10:54:07.237][info] [#0:script\workspace\loading.lua:113]: ++++As library of:	file:///c%3A/Users/John%20Michael%20Abbas/AppData/Local/nvim-data/mason/packages/lua-language-server/meta/Lua%205.4%20en-us%20utf8/basic.lua
[10:54:07.237][info] [#0:script\workspace\loading.lua:98]: Skip loaded file: file:///c%3A/Users/John%20Michael%20Abbas/AppData/Local/nvim-data/mason/packages/lua-language-server/meta/Lua%205.4%20en-us%20utf8/basic.lua
[10:54:07.237][info] [#0:script\workspace\loading.lua:101]: Preload file at: file:///c%3A/Users/John%20Michael%20Abbas/AppData/Local/nvim-data/mason/packages/lua-language-server/meta/Lua%205.4%20en-us%20utf8/coroutine.lua , size = 2.590 KB
[10:54:07.253][info] [#0:script\workspace\loading.lua:113]: ++++As library of:	file:///c%3A/Users/John%20Michael%20Abbas/AppData/Local/nvim-data/mason/packages/lua-language-server/meta/Lua%205.4%20en-us%20utf8/coroutine.lua
[10:54:07.253][info] [#0:script\workspace\loading.lua:98]: Skip loaded file: file:///c%3A/Users/John%20Michael%20Abbas/AppData/Local/nvim-data/mason/packages/lua-language-server/meta/Lua%205.4%20en-us%20utf8/coroutine.lua
[10:54:07.253][info] [#0:script\workspace\loading.lua:101]: Preload file at: file:///c%3A/Users/John%20Michael%20Abbas/AppData/Local/nvim-data/mason/packages/lua-language-server/meta/Lua%205.4%20en-us%20utf8/utf8.lua , size = 2.386 KB
[10:54:07.253][info] [#0:script\workspace\loading.lua:113]: ++++As library of:	file:///c%3A/Users/John%20Michael%20Abbas/AppData/Local/nvim-data/mason/packages/lua-language-server/meta/Lua%205.4%20en-us%20utf8/utf8.lua
[10:54:07.253][info] [#0:script\workspace\loading.lua:98]: Skip loaded file: file:///c%3A/Users/John%20Michael%20Abbas/AppData/Local/nvim-data/mason/packages/lua-language-server/meta/Lua%205.4%20en-us%20utf8/utf8.lua
[10:54:07.253][info] [#0:script\workspace\loading.lua:101]: Preload file at: file:///c%3A/Users/John%20Michael%20Abbas/AppData/Local/nvim-data/mason/packages/lua-language-server/meta/Lua%205.4%20en-us%20utf8/table.lua , size = 4.230 KB
[10:54:07.253][info] [#0:script\workspace\loading.lua:113]: ++++As library of:	file:///c%3A/Users/John%20Michael%20Abbas/AppData/Local/nvim-data/mason/packages/lua-language-server/meta/Lua%205.4%20en-us%20utf8/table.lua
[10:54:07.253][info] [#0:script\workspace\loading.lua:98]: Skip loaded file: file:///c%3A/Users/John%20Michael%20Abbas/AppData/Local/nvim-data/mason/packages/lua-language-server/meta/Lua%205.4%20en-us%20utf8/table.lua
[10:54:07.253][info] [#0:script\workspace\loading.lua:101]: Preload file at: file:///c%3A/Users/John%20Michael%20Abbas/AppData/Local/nvim-data/mason/packages/lua-language-server/meta/Lua%205.4%20en-us%20utf8/package.lua , size = 2.944 KB
[10:54:07.253][info] [#0:script\workspace\loading.lua:113]: ++++As library of:	file:///c%3A/Users/John%20Michael%20Abbas/AppData/Local/nvim-data/mason/packages/lua-language-server/meta/Lua%205.4%20en-us%20utf8/package.lua
[10:54:07.253][info] [#0:script\workspace\loading.lua:98]: Skip loaded file: file:///c%3A/Users/John%20Michael%20Abbas/AppData/Local/nvim-data/mason/packages/lua-language-server/meta/Lua%205.4%20en-us%20utf8/package.lua
[10:54:07.253][info] [#0:script\workspace\loading.lua:101]: Preload file at: file:///c%3A/Users/John%20Michael%20Abbas/AppData/Local/nvim-data/mason/packages/lua-language-server/meta/Lua%205.4%20en-us%20utf8/string.lua , size = 6.302 KB
[10:54:07.253][info] [#0:script\workspace\loading.lua:113]: ++++As library of:	file:///c%3A/Users/John%20Michael%20Abbas/AppData/Local/nvim-data/mason/packages/lua-language-server/meta/Lua%205.4%20en-us%20utf8/string.lua
[10:54:07.253][info] [#0:script\workspace\loading.lua:89]: Skip loaded file: file:///c%3A/Users/John%20Michael%20Abbas/AppData/Local/nvim-data/mason/packages/lua-language-server/meta/Lua%205.4%20en-us%20utf8/string.lua
[10:54:07.253][info] [#0:script\workspace\loading.lua:113]: ++++As library of:	file:///c%3A/Users/John%20Michael%20Abbas/AppData/Local/nvim-data/mason/packages/lua-language-server/meta/Lua%205.4%20en-us%20utf8/string.lua
[10:54:07.253][info] [#0:script\workspace\loading.lua:101]: Preload file at: file:///c%3A/Users/John%20Michael%20Abbas/AppData/Local/nvim-data/mason/packages/lua-language-server/meta/Lua%205.4%20en-us%20utf8/math.lua , size = 8.731 KB
[10:54:07.269][info] [#0:script\workspace\loading.lua:113]: ++++As library of:	file:///c%3A/Users/John%20Michael%20Abbas/AppData/Local/nvim-data/mason/packages/lua-language-server/meta/Lua%205.4%20en-us%20utf8/math.lua
[10:54:07.269][info] [#0:script\workspace\loading.lua:98]: Skip loaded file: file:///c%3A/Users/John%20Michael%20Abbas/AppData/Local/nvim-data/mason/packages/lua-language-server/meta/Lua%205.4%20en-us%20utf8/math.lua
[10:54:07.269][info] [#0:script\workspace\loading.lua:101]: Preload file at: file:///c%3A/Users/John%20Michael%20Abbas/AppData/Local/nvim-data/mason/packages/lua-language-server/meta/Lua%205.4%20en-us%20utf8/debug.lua , size = 7.637 KB
[10:54:07.269][info] [#0:script\workspace\loading.lua:113]: ++++As library of:	file:///c%3A/Users/John%20Michael%20Abbas/AppData/Local/nvim-data/mason/packages/lua-language-server/meta/Lua%205.4%20en-us%20utf8/debug.lua
[10:54:07.269][info] [#0:script\workspace\loading.lua:98]: Skip loaded file: file:///c%3A/Users/John%20Michael%20Abbas/AppData/Local/nvim-data/mason/packages/lua-language-server/meta/Lua%205.4%20en-us%20utf8/debug.lua
[10:54:07.269][info] [#0:script\workspace\loading.lua:101]: Preload file at: file:///c%3A/Users/John%20Michael%20Abbas/AppData/Local/Programs/Neovim/share/nvim/runtime/lua/editorconfig.lua , size = 6.956 KB
[10:54:07.269][info] [#0:script\workspace\loading.lua:113]: ++++As library of:	file:///c%3A/Users/John%20Michael%20Abbas/AppData/Local/Programs/Neovim/share/nvim/runtime/lua
[10:54:07.269][info] [#0:script\workspace\loading.lua:98]: Skip loaded file: file:///c%3A/Users/John%20Michael%20Abbas/AppData/Local/Programs/Neovim/share/nvim/runtime/lua/editorconfig.lua
[10:54:07.269][info] [#0:script\workspace\loading.lua:101]: Preload file at: file:///c%3A/Users/John%20Michael%20Abbas/AppData/Local/Programs/Neovim/share/nvim/runtime/lua/man.lua , size = 25.547 KB
[10:54:07.284][info] [#0:script\workspace\loading.lua:113]: ++++As library of:	file:///c%3A/Users/John%20Michael%20Abbas/AppData/Local/Programs/Neovim/share/nvim/runtime/lua
[10:54:07.284][info] [#0:script\workspace\loading.lua:98]: Skip loaded file: file:///c%3A/Users/John%20Michael%20Abbas/AppData/Local/Programs/Neovim/share/nvim/runtime/lua/man.lua
[10:54:07.284][info] [#0:script\workspace\loading.lua:101]: Preload file at: file:///c%3A/Users/John%20Michael%20Abbas/AppData/Local/Programs/Neovim/share/nvim/runtime/lua/nvim/health.lua , size = 13.105 KB
[10:54:07.300][info] [#0:script\workspace\loading.lua:113]: ++++As library of:	file:///c%3A/Users/John%20Michael%20Abbas/AppData/Local/Programs/Neovim/share/nvim/runtime/lua
[10:54:07.300][info] [#0:script\workspace\loading.lua:98]: Skip loaded file: file:///c%3A/Users/John%20Michael%20Abbas/AppData/Local/Programs/Neovim/share/nvim/runtime/lua/nvim/health.lua
[10:54:07.300][info] [#0:script\workspace\loading.lua:101]: Preload file at: file:///c%3A/Users/John%20Michael%20Abbas/AppData/Local/Programs/Neovim/share/nvim/runtime/lua/vim/diagnostic.lua , size = 58.342 KB
[10:54:07.331][info] [#0:script\workspace\loading.lua:113]: ++++As library of:	file:///c%3A/Users/John%20Michael%20Abbas/AppData/Local/Programs/Neovim/share/nvim/runtime/lua
[10:54:07.331][info] [#0:script\workspace\loading.lua:89]: Skip loaded file: file:///c%3A/Users/John%20Michael%20Abbas/AppData/Local/Programs/Neovim/share/nvim/runtime/lua/vim/diagnostic.lua
[10:54:07.331][info] [#0:script\workspace\loading.lua:113]: ++++As library of:	file:///c%3A/Users/John%20Michael%20Abbas/AppData/Local/Programs/Neovim/share/nvim/runtime/lua
[10:54:07.331][info] [#0:script\workspace\loading.lua:101]: Preload file at: file:///c%3A/Users/John%20Michael%20Abbas/AppData/Local/Programs/Neovim/share/nvim/runtime/lua/vim/F.lua , size = 0.871 KB
[10:54:07.331][info] [#0:script\workspace\loading.lua:113]: ++++As library of:	file:///c%3A/Users/John%20Michael%20Abbas/AppData/Local/Programs/Neovim/share/nvim/runtime/lua
[10:54:07.331][info] [#0:script\workspace\loading.lua:98]: Skip loaded file: file:///c%3A/Users/John%20Michael%20Abbas/AppData/Local/Programs/Neovim/share/nvim/runtime/lua/vim/F.lua
[10:54:07.331][info] [#0:script\workspace\loading.lua:101]: Preload file at: file:///c%3A/Users/John%20Michael%20Abbas/AppData/Local/Programs/Neovim/share/nvim/runtime/lua/vim/filetype/detect.lua , size = 49.109 KB
[10:54:07.362][info] [#0:script\workspace\loading.lua:113]: ++++As library of:	file:///c%3A/Users/John%20Michael%20Abbas/AppData/Local/Programs/Neovim/share/nvim/runtime/lua
[10:54:07.362][info] [#0:script\workspace\loading.lua:98]: Skip loaded file: file:///c%3A/Users/John%20Michael%20Abbas/AppData/Local/Programs/Neovim/share/nvim/runtime/lua/vim/filetype/detect.lua
[10:54:07.362][info] [#0:script\workspace\loading.lua:101]: Preload file at: file:///c%3A/Users/John%20Michael%20Abbas/AppData/Local/Programs/Neovim/share/nvim/runtime/lua/vim/filetype/options.lua , size = 2.646 KB
[10:54:07.362][info] [#0:script\workspace\loading.lua:113]: ++++As library of:	file:///c%3A/Users/John%20Michael%20Abbas/AppData/Local/Programs/Neovim/share/nvim/runtime/lua
[10:54:07.362][info] [#0:script\workspace\loading.lua:98]: Skip loaded file: file:///c%3A/Users/John%20Michael%20Abbas/AppData/Local/Programs/Neovim/share/nvim/runtime/lua/vim/filetype/options.lua
[10:54:07.362][info] [#0:script\workspace\loading.lua:101]: Preload file at: file:///c%3A/Users/John%20Michael%20Abbas/AppData/Local/Programs/Neovim/share/nvim/runtime/lua/vim/filetype.lua , size = 77.000 KB
[10:54:07.394][info] [#0:script\workspace\loading.lua:113]: ++++As library of:	file:///c%3A/Users/John%20Michael%20Abbas/AppData/Local/Programs/Neovim/share/nvim/runtime/lua
[10:54:07.394][info] [#0:script\workspace\loading.lua:98]: Skip loaded file: file:///c%3A/Users/John%20Michael%20Abbas/AppData/Local/Programs/Neovim/share/nvim/runtime/lua/vim/filetype.lua
[10:54:07.394][info] [#0:script\workspace\loading.lua:101]: Preload file at: file:///c%3A/Users/John%20Michael%20Abbas/AppData/Local/Programs/Neovim/share/nvim/runtime/lua/vim/fs.lua , size = 11.006 KB
[10:54:07.409][info] [#0:script\workspace\loading.lua:113]: ++++As library of:	file:///c%3A/Users/John%20Michael%20Abbas/AppData/Local/Programs/Neovim/share/nvim/runtime/lua
[10:54:07.409][info] [#0:script\workspace\loading.lua:98]: Skip loaded file: file:///c%3A/Users/John%20Michael%20Abbas/AppData/Local/Programs/Neovim/share/nvim/runtime/lua/vim/fs.lua
[10:54:07.409][info] [#0:script\workspace\loading.lua:101]: Preload file at: file:///c%3A/Users/John%20Michael%20Abbas/AppData/Local/Programs/Neovim/share/nvim/runtime/lua/vim/health.lua , size = 1.598 KB
[10:54:07.409][info] [#0:script\workspace\loading.lua:113]: ++++As library of:	file:///c%3A/Users/John%20Michael%20Abbas/AppData/Local/Programs/Neovim/share/nvim/runtime/lua
[10:54:07.409][info] [#0:script\workspace\loading.lua:98]: Skip loaded file: file:///c%3A/Users/John%20Michael%20Abbas/AppData/Local/Programs/Neovim/share/nvim/runtime/lua/vim/health.lua
[10:54:07.409][info] [#0:script\workspace\loading.lua:101]: Preload file at: file:///c%3A/Users/John%20Michael%20Abbas/AppData/Local/Programs/Neovim/share/nvim/runtime/lua/vim/highlight.lua , size = 3.876 KB
[10:54:07.409][info] [#0:script\workspace\loading.lua:113]: ++++As library of:	file:///c%3A/Users/John%20Michael%20Abbas/AppData/Local/Programs/Neovim/share/nvim/runtime/lua
[10:54:07.409][info] [#0:script\workspace\loading.lua:98]: Skip loaded file: file:///c%3A/Users/John%20Michael%20Abbas/AppData/Local/Programs/Neovim/share/nvim/runtime/lua/vim/highlight.lua
[10:54:07.409][info] [#0:script\workspace\loading.lua:101]: Preload file at: file:///c%3A/Users/John%20Michael%20Abbas/AppData/Local/Programs/Neovim/share/nvim/runtime/lua/vim/inspect.lua , size = 9.234 KB
[10:54:07.441][info] [#0:script\workspace\loading.lua:113]: ++++As library of:	file:///c%3A/Users/John%20Michael%20Abbas/AppData/Local/Programs/Neovim/share/nvim/runtime/lua
[10:54:07.441][info] [#0:script\workspace\loading.lua:101]: Preload file at: file:///c%3A/Users/John%20Michael%20Abbas/AppData/Local/Programs/Neovim/share/nvim/runtime/lua/vim/keymap.lua , size = 3.687 KB
[10:54:07.441][info] [#0:script\workspace\loading.lua:113]: ++++As library of:	file:///c%3A/Users/John%20Michael%20Abbas/AppData/Local/Programs/Neovim/share/nvim/runtime/lua
[10:54:07.441][info] [#0:script\workspace\loading.lua:98]: Skip loaded file: file:///c%3A/Users/John%20Michael%20Abbas/AppData/Local/Programs/Neovim/share/nvim/runtime/lua/vim/inspect.lua
[10:54:07.441][info] [#0:script\workspace\loading.lua:98]: Skip loaded file: file:///c%3A/Users/John%20Michael%20Abbas/AppData/Local/Programs/Neovim/share/nvim/runtime/lua/vim/keymap.lua
[10:54:07.441][info] [#0:script\workspace\loading.lua:101]: Preload file at: file:///c%3A/Users/John%20Michael%20Abbas/AppData/Local/Programs/Neovim/share/nvim/runtime/lua/vim/loader.lua , size = 16.507 KB
[10:54:07.441][info] [#0:script\workspace\loading.lua:113]: ++++As library of:	file:///c%3A/Users/John%20Michael%20Abbas/AppData/Local/Programs/Neovim/share/nvim/runtime/lua
[10:54:07.441][info] [#0:script\workspace\loading.lua:98]: Skip loaded file: file:///c%3A/Users/John%20Michael%20Abbas/AppData/Local/Programs/Neovim/share/nvim/runtime/lua/vim/loader.lua
[10:54:07.441][info] [#0:script\workspace\loading.lua:101]: Preload file at: file:///c%3A/Users/John%20Michael%20Abbas/AppData/Local/Programs/Neovim/share/nvim/runtime/lua/vim/lsp/buf.lua , size = 28.650 KB
[10:54:07.456][info] [#0:script\workspace\loading.lua:113]: ++++As library of:	file:///c%3A/Users/John%20Michael%20Abbas/AppData/Local/Programs/Neovim/share/nvim/runtime/lua
[10:54:07.456][info] [#0:script\workspace\loading.lua:98]: Skip loaded file: file:///c%3A/Users/John%20Michael%20Abbas/AppData/Local/Programs/Neovim/share/nvim/runtime/lua/vim/lsp/buf.lua
[10:54:07.456][info] [#0:script\workspace\loading.lua:101]: Preload file at: file:///c%3A/Users/John%20Michael%20Abbas/AppData/Local/Programs/Neovim/share/nvim/runtime/lua/vim/lsp/codelens.lua , size = 8.537 KB
[10:54:07.472][info] [#0:script\workspace\loading.lua:113]: ++++As library of:	file:///c%3A/Users/John%20Michael%20Abbas/AppData/Local/Programs/Neovim/share/nvim/runtime/lua
[10:54:07.472][info] [#0:script\workspace\loading.lua:98]: Skip loaded file: file:///c%3A/Users/John%20Michael%20Abbas/AppData/Local/Programs/Neovim/share/nvim/runtime/lua/vim/lsp/codelens.lua
[10:54:07.472][info] [#0:script\workspace\loading.lua:101]: Preload file at: file:///c%3A/Users/John%20Michael%20Abbas/AppData/Local/Programs/Neovim/share/nvim/runtime/lua/vim/lsp/diagnostic.lua , size = 9.157 KB
[10:54:07.472][info] [#0:script\workspace\loading.lua:113]: ++++As library of:	file:///c%3A/Users/John%20Michael%20Abbas/AppData/Local/Programs/Neovim/share/nvim/runtime/lua
[10:54:07.472][info] [#0:script\workspace\loading.lua:98]: Skip loaded file: file:///c%3A/Users/John%20Michael%20Abbas/AppData/Local/Programs/Neovim/share/nvim/runtime/lua/vim/lsp/diagnostic.lua
[10:54:07.472][info] [#0:script\workspace\loading.lua:101]: Preload file at: file:///c%3A/Users/John%20Michael%20Abbas/AppData/Local/Programs/Neovim/share/nvim/runtime/lua/vim/lsp/handlers.lua , size = 24.219 KB
[10:54:07.487][info] [#0:script\workspace\loading.lua:113]: ++++As library of:	file:///c%3A/Users/John%20Michael%20Abbas/AppData/Local/Programs/Neovim/share/nvim/runtime/lua
[10:54:07.487][info] [#0:script\workspace\loading.lua:98]: Skip loaded file: file:///c%3A/Users/John%20Michael%20Abbas/AppData/Local/Programs/Neovim/share/nvim/runtime/lua/vim/lsp/handlers.lua
[10:54:07.487][info] [#0:script\workspace\loading.lua:101]: Preload file at: file:///c%3A/Users/John%20Michael%20Abbas/AppData/Local/Programs/Neovim/share/nvim/runtime/lua/vim/lsp/health.lua , size = 1.283 KB
[10:54:07.487][info] [#0:script\workspace\loading.lua:113]: ++++As library of:	file:///c%3A/Users/John%20Michael%20Abbas/AppData/Local/Programs/Neovim/share/nvim/runtime/lua
[10:54:07.487][info] [#0:script\workspace\loading.lua:98]: Skip loaded file: file:///c%3A/Users/John%20Michael%20Abbas/AppData/Local/Programs/Neovim/share/nvim/runtime/lua/vim/lsp/health.lua
[10:54:07.487][info] [#0:script\workspace\loading.lua:101]: Preload file at: file:///c%3A/Users/John%20Michael%20Abbas/AppData/Local/Programs/Neovim/share/nvim/runtime/lua/vim/lsp/log.lua , size = 5.324 KB
[10:54:07.487][info] [#0:script\workspace\loading.lua:113]: ++++As library of:	file:///c%3A/Users/John%20Michael%20Abbas/AppData/Local/Programs/Neovim/share/nvim/runtime/lua
[10:54:07.487][info] [#0:script\workspace\loading.lua:98]: Skip loaded file: file:///c%3A/Users/John%20Michael%20Abbas/AppData/Local/Programs/Neovim/share/nvim/runtime/lua/vim/lsp/log.lua
[10:54:07.487][info] [#0:script\workspace\loading.lua:101]: Preload file at: file:///c%3A/Users/John%20Michael%20Abbas/AppData/Local/Programs/Neovim/share/nvim/runtime/lua/vim/lsp/protocol.lua , size = 29.243 KB
[10:54:07.487][info] [#0:script\workspace\loading.lua:113]: ++++As library of:	file:///c%3A/Users/John%20Michael%20Abbas/AppData/Local/Programs/Neovim/share/nvim/runtime/lua
[10:54:07.487][info] [#0:script\workspace\loading.lua:98]: Skip loaded file: file:///c%3A/Users/John%20Michael%20Abbas/AppData/Local/Programs/Neovim/share/nvim/runtime/lua/vim/lsp/protocol.lua
[10:54:07.487][info] [#0:script\workspace\loading.lua:101]: Preload file at: file:///c%3A/Users/John%20Michael%20Abbas/AppData/Local/Programs/Neovim/share/nvim/runtime/lua/vim/lsp/rpc.lua , size = 24.434 KB
[10:54:07.503][info] [#0:script\workspace\loading.lua:113]: ++++As library of:	file:///c%3A/Users/John%20Michael%20Abbas/AppData/Local/Programs/Neovim/share/nvim/runtime/lua
[10:54:07.503][info] [#0:script\workspace\loading.lua:98]: Skip loaded file: file:///c%3A/Users/John%20Michael%20Abbas/AppData/Local/Programs/Neovim/share/nvim/runtime/lua/vim/lsp/rpc.lua
[10:54:07.503][info] [#0:script\workspace\loading.lua:101]: Preload file at: file:///c%3A/Users/John%20Michael%20Abbas/AppData/Local/Programs/Neovim/share/nvim/runtime/lua/vim/lsp/semantic_tokens.lua , size = 25.500 KB
[10:54:07.519][info] [#0:script\workspace\loading.lua:113]: ++++As library of:	file:///c%3A/Users/John%20Michael%20Abbas/AppData/Local/Programs/Neovim/share/nvim/runtime/lua
[10:54:07.519][info] [#0:script\workspace\loading.lua:98]: Skip loaded file: file:///c%3A/Users/John%20Michael%20Abbas/AppData/Local/Programs/Neovim/share/nvim/runtime/lua/vim/lsp/semantic_tokens.lua
[10:54:07.519][info] [#0:script\workspace\loading.lua:101]: Preload file at: file:///c%3A/Users/John%20Michael%20Abbas/AppData/Local/Programs/Neovim/share/nvim/runtime/lua/vim/lsp/sync.lua , size = 16.120 KB
[10:54:07.519][info] [#0:script\workspace\loading.lua:113]: ++++As library of:	file:///c%3A/Users/John%20Michael%20Abbas/AppData/Local/Programs/Neovim/share/nvim/runtime/lua
[10:54:07.519][info] [#0:script\workspace\loading.lua:98]: Skip loaded file: file:///c%3A/Users/John%20Michael%20Abbas/AppData/Local/Programs/Neovim/share/nvim/runtime/lua/vim/lsp/sync.lua
[10:54:07.519][info] [#0:script\workspace\loading.lua:101]: Preload file at: file:///c%3A/Users/John%20Michael%20Abbas/AppData/Local/Programs/Neovim/share/nvim/runtime/lua/vim/lsp/tagfunc.lua , size = 2.414 KB
[10:54:07.534][info] [#0:script\workspace\loading.lua:113]: ++++As library of:	file:///c%3A/Users/John%20Michael%20Abbas/AppData/Local/Programs/Neovim/share/nvim/runtime/lua
[10:54:07.534][info] [#0:script\workspace\loading.lua:98]: Skip loaded file: file:///c%3A/Users/John%20Michael%20Abbas/AppData/Local/Programs/Neovim/share/nvim/runtime/lua/vim/lsp/tagfunc.lua
[10:54:07.534][info] [#0:script\workspace\loading.lua:101]: Preload file at: file:///c%3A/Users/John%20Michael%20Abbas/AppData/Local/Programs/Neovim/share/nvim/runtime/lua/vim/lsp/types.lua , size = 0.960 KB
[10:54:07.534][info] [#0:script\workspace\loading.lua:113]: ++++As library of:	file:///c%3A/Users/John%20Michael%20Abbas/AppData/Local/Programs/Neovim/share/nvim/runtime/lua
[10:54:07.534][info] [#0:script\workspace\loading.lua:98]: Skip loaded file: file:///c%3A/Users/John%20Michael%20Abbas/AppData/Local/Programs/Neovim/share/nvim/runtime/lua/vim/lsp/types.lua
[10:54:07.534][info] [#0:script\workspace\loading.lua:101]: Preload file at: file:///c%3A/Users/John%20Michael%20Abbas/AppData/Local/Programs/Neovim/share/nvim/runtime/lua/vim/lsp/util.lua , size = 72.869 KB
[10:54:07.581][info] [#0:script\workspace\loading.lua:113]: ++++As library of:	file:///c%3A/Users/John%20Michael%20Abbas/AppData/Local/Programs/Neovim/share/nvim/runtime/lua
[10:54:07.581][info] [#0:script\workspace\loading.lua:98]: Skip loaded file: file:///c%3A/Users/John%20Michael%20Abbas/AppData/Local/Programs/Neovim/share/nvim/runtime/lua/vim/lsp/util.lua
[10:54:07.581][info] [#0:script\workspace\loading.lua:101]: Preload file at: file:///c%3A/Users/John%20Michael%20Abbas/AppData/Local/Programs/Neovim/share/nvim/runtime/lua/vim/lsp/_snippet.lua , size = 11.232 KB
[10:54:07.597][info] [#0:script\workspace\loading.lua:113]: ++++As library of:	file:///c%3A/Users/John%20Michael%20Abbas/AppData/Local/Programs/Neovim/share/nvim/runtime/lua
[10:54:07.597][info] [#0:script\workspace\loading.lua:98]: Skip loaded file: file:///c%3A/Users/John%20Michael%20Abbas/AppData/Local/Programs/Neovim/share/nvim/runtime/lua/vim/lsp/_snippet.lua
[10:54:07.597][info] [#0:script\workspace\loading.lua:101]: Preload file at: file:///c%3A/Users/John%20Michael%20Abbas/AppData/Local/Programs/Neovim/share/nvim/runtime/lua/vim/lsp/_watchfiles.lua , size = 9.485 KB
[10:54:07.597][info] [#0:script\workspace\loading.lua:113]: ++++As library of:	file:///c%3A/Users/John%20Michael%20Abbas/AppData/Local/Programs/Neovim/share/nvim/runtime/lua
[10:54:07.597][info] [#0:script\workspace\loading.lua:89]: Skip loaded file: file:///c%3A/Users/John%20Michael%20Abbas/AppData/Local/Programs/Neovim/share/nvim/runtime/lua/vim/lsp/_watchfiles.lua
[10:54:07.597][info] [#0:script\workspace\loading.lua:113]: ++++As library of:	file:///c%3A/Users/John%20Michael%20Abbas/AppData/Local/Programs/Neovim/share/nvim/runtime/lua
[10:54:07.597][info] [#0:script\workspace\loading.lua:101]: Preload file at: file:///c%3A/Users/John%20Michael%20Abbas/AppData/Local/Programs/Neovim/share/nvim/runtime/lua/vim/lsp.lua , size = 84.740 KB
[10:54:07.644][info] [#0:script\workspace\loading.lua:113]: ++++As library of:	file:///c%3A/Users/John%20Michael%20Abbas/AppData/Local/Programs/Neovim/share/nvim/runtime/lua
[10:54:07.644][info] [#0:script\workspace\loading.lua:98]: Skip loaded file: file:///c%3A/Users/John%20Michael%20Abbas/AppData/Local/Programs/Neovim/share/nvim/runtime/lua/vim/lsp.lua
[10:54:07.644][info] [#0:script\workspace\loading.lua:101]: Preload file at: file:///c%3A/Users/John%20Michael%20Abbas/AppData/Local/Programs/Neovim/share/nvim/runtime/lua/vim/secure.lua , size = 5.014 KB
[10:54:07.644][info] [#0:script\workspace\loading.lua:113]: ++++As library of:	file:///c%3A/Users/John%20Michael%20Abbas/AppData/Local/Programs/Neovim/share/nvim/runtime/lua
[10:54:07.644][info] [#0:script\workspace\loading.lua:98]: Skip loaded file: file:///c%3A/Users/John%20Michael%20Abbas/AppData/Local/Programs/Neovim/share/nvim/runtime/lua/vim/secure.lua
[10:54:07.644][info] [#0:script\workspace\loading.lua:101]: Preload file at: file:///c%3A/Users/John%20Michael%20Abbas/AppData/Local/Programs/Neovim/share/nvim/runtime/lua/vim/shared.lua , size = 23.187 KB
[10:54:07.659][info] [#0:script\workspace\loading.lua:113]: ++++As library of:	file:///c%3A/Users/John%20Michael%20Abbas/AppData/Local/Programs/Neovim/share/nvim/runtime/lua
[10:54:07.659][info] [#0:script\workspace\loading.lua:98]: Skip loaded file: file:///c%3A/Users/John%20Michael%20Abbas/AppData/Local/Programs/Neovim/share/nvim/runtime/lua/vim/shared.lua
[10:54:07.659][info] [#0:script\workspace\loading.lua:101]: Preload file at: file:///c%3A/Users/John%20Michael%20Abbas/AppData/Local/Programs/Neovim/share/nvim/runtime/lua/vim/treesitter/health.lua , size = 0.920 KB
[10:54:07.659][info] [#0:script\workspace\loading.lua:113]: ++++As library of:	file:///c%3A/Users/John%20Michael%20Abbas/AppData/Local/Programs/Neovim/share/nvim/runtime/lua
[10:54:07.659][info] [#0:script\workspace\loading.lua:98]: Skip loaded file: file:///c%3A/Users/John%20Michael%20Abbas/AppData/Local/Programs/Neovim/share/nvim/runtime/lua/vim/treesitter/health.lua
[10:54:07.659][info] [#0:script\workspace\loading.lua:101]: Preload file at: file:///c%3A/Users/John%20Michael%20Abbas/AppData/Local/Programs/Neovim/share/nvim/runtime/lua/vim/treesitter/highlighter.lua , size = 8.935 KB
[10:54:07.659][info] [#0:script\workspace\loading.lua:113]: ++++As library of:	file:///c%3A/Users/John%20Michael%20Abbas/AppData/Local/Programs/Neovim/share/nvim/runtime/lua
[10:54:07.659][info] [#0:script\workspace\loading.lua:98]: Skip loaded file: file:///c%3A/Users/John%20Michael%20Abbas/AppData/Local/Programs/Neovim/share/nvim/runtime/lua/vim/treesitter/highlighter.lua
[10:54:07.659][info] [#0:script\workspace\loading.lua:101]: Preload file at: file:///c%3A/Users/John%20Michael%20Abbas/AppData/Local/Programs/Neovim/share/nvim/runtime/lua/vim/treesitter/language.lua , size = 3.674 KB
[10:54:07.675][info] [#0:script\workspace\loading.lua:113]: ++++As library of:	file:///c%3A/Users/John%20Michael%20Abbas/AppData/Local/Programs/Neovim/share/nvim/runtime/lua
[10:54:07.675][info] [#0:script\workspace\loading.lua:98]: Skip loaded file: file:///c%3A/Users/John%20Michael%20Abbas/AppData/Local/Programs/Neovim/share/nvim/runtime/lua/vim/treesitter/language.lua
[10:54:07.675][info] [#0:script\workspace\loading.lua:101]: Preload file at: file:///c%3A/Users/John%20Michael%20Abbas/AppData/Local/Programs/Neovim/share/nvim/runtime/lua/vim/treesitter/languagetree.lua , size = 27.107 KB
[10:54:07.691][info] [#0:script\workspace\loading.lua:113]: ++++As library of:	file:///c%3A/Users/John%20Michael%20Abbas/AppData/Local/Programs/Neovim/share/nvim/runtime/lua
[10:54:07.691][info] [#0:script\workspace\loading.lua:98]: Skip loaded file: file:///c%3A/Users/John%20Michael%20Abbas/AppData/Local/Programs/Neovim/share/nvim/runtime/lua/vim/treesitter/languagetree.lua
[10:54:07.691][info] [#0:script\workspace\loading.lua:101]: Preload file at: file:///c%3A/Users/John%20Michael%20Abbas/AppData/Local/Programs/Neovim/share/nvim/runtime/lua/vim/treesitter/playground.lua , size = 12.979 KB
[10:54:07.691][info] [#0:script\workspace\loading.lua:113]: ++++As library of:	file:///c%3A/Users/John%20Michael%20Abbas/AppData/Local/Programs/Neovim/share/nvim/runtime/lua
[10:54:07.691][info] [#0:script\workspace\loading.lua:98]: Skip loaded file: file:///c%3A/Users/John%20Michael%20Abbas/AppData/Local/Programs/Neovim/share/nvim/runtime/lua/vim/treesitter/playground.lua
[10:54:07.691][info] [#0:script\workspace\loading.lua:101]: Preload file at: file:///c%3A/Users/John%20Michael%20Abbas/AppData/Local/Programs/Neovim/share/nvim/runtime/lua/vim/treesitter/query.lua , size = 21.953 KB
[10:54:07.722][info] [#0:script\workspace\loading.lua:113]: ++++As library of:	file:///c%3A/Users/John%20Michael%20Abbas/AppData/Local/Programs/Neovim/share/nvim/runtime/lua
[10:54:07.722][info] [#0:script\workspace\loading.lua:98]: Skip loaded file: file:///c%3A/Users/John%20Michael%20Abbas/AppData/Local/Programs/Neovim/share/nvim/runtime/lua/vim/treesitter/query.lua
[10:54:07.722][info] [#0:script\workspace\loading.lua:101]: Preload file at: file:///c%3A/Users/John%20Michael%20Abbas/AppData/Local/Programs/Neovim/share/nvim/runtime/lua/vim/treesitter/_fold.lua , size = 7.003 KB
[10:54:07.737][info] [#0:script\workspace\loading.lua:113]: ++++As library of:	file:///c%3A/Users/John%20Michael%20Abbas/AppData/Local/Programs/Neovim/share/nvim/runtime/lua
[10:54:07.737][info] [#0:script\workspace\loading.lua:98]: Skip loaded file: file:///c%3A/Users/John%20Michael%20Abbas/AppData/Local/Programs/Neovim/share/nvim/runtime/lua/vim/treesitter/_fold.lua
[10:54:07.737][info] [#0:script\workspace\loading.lua:101]: Preload file at: file:///c%3A/Users/John%20Michael%20Abbas/AppData/Local/Programs/Neovim/share/nvim/runtime/lua/vim/treesitter/_meta.lua , size = 2.905 KB
[10:54:07.737][info] [#0:script\workspace\loading.lua:113]: ++++As library of:	file:///c%3A/Users/John%20Michael%20Abbas/AppData/Local/Programs/Neovim/share/nvim/runtime/lua
[10:54:07.737][info] [#0:script\workspace\loading.lua:98]: Skip loaded file: file:///c%3A/Users/John%20Michael%20Abbas/AppData/Local/Programs/Neovim/share/nvim/runtime/lua/vim/treesitter/_meta.lua
[10:54:07.737][info] [#0:script\workspace\loading.lua:101]: Preload file at: file:///c%3A/Users/John%20Michael%20Abbas/AppData/Local/Programs/Neovim/share/nvim/runtime/lua/vim/treesitter/_range.lua , size = 3.814 KB
[10:54:07.737][info] [#0:script\workspace\loading.lua:113]: ++++As library of:	file:///c%3A/Users/John%20Michael%20Abbas/AppData/Local/Programs/Neovim/share/nvim/runtime/lua
[10:54:07.737][info] [#0:script\workspace\loading.lua:98]: Skip loaded file: file:///c%3A/Users/John%20Michael%20Abbas/AppData/Local/Programs/Neovim/share/nvim/runtime/lua/vim/treesitter/_range.lua
[10:54:07.737][info] [#0:script\workspace\loading.lua:101]: Preload file at: file:///c%3A/Users/John%20Michael%20Abbas/AppData/Local/Programs/Neovim/share/nvim/runtime/lua/vim/treesitter.lua , size = 15.949 KB
[10:54:07.753][info] [#0:script\workspace\loading.lua:113]: ++++As library of:	file:///c%3A/Users/John%20Michael%20Abbas/AppData/Local/Programs/Neovim/share/nvim/runtime/lua
[10:54:07.753][info] [#0:script\workspace\loading.lua:98]: Skip loaded file: file:///c%3A/Users/John%20Michael%20Abbas/AppData/Local/Programs/Neovim/share/nvim/runtime/lua/vim/treesitter.lua
[10:54:07.753][info] [#0:script\workspace\loading.lua:101]: Preload file at: file:///c%3A/Users/John%20Michael%20Abbas/AppData/Local/Programs/Neovim/share/nvim/runtime/lua/vim/ui.lua , size = 3.776 KB
[10:54:07.753][info] [#0:script\workspace\loading.lua:113]: ++++As library of:	file:///c%3A/Users/John%20Michael%20Abbas/AppData/Local/Programs/Neovim/share/nvim/runtime/lua
[10:54:07.753][info] [#0:script\workspace\loading.lua:98]: Skip loaded file: file:///c%3A/Users/John%20Michael%20Abbas/AppData/Local/Programs/Neovim/share/nvim/runtime/lua/vim/ui.lua
[10:54:07.753][info] [#0:script\workspace\loading.lua:101]: Preload file at: file:///c%3A/Users/John%20Michael%20Abbas/AppData/Local/Programs/Neovim/share/nvim/runtime/lua/vim/uri.lua , size = 3.510 KB
[10:54:07.753][info] [#0:script\workspace\loading.lua:113]: ++++As library of:	file:///c%3A/Users/John%20Michael%20Abbas/AppData/Local/Programs/Neovim/share/nvim/runtime/lua
[10:54:07.753][info] [#0:script\workspace\loading.lua:89]: Skip loaded file: file:///c%3A/Users/John%20Michael%20Abbas/AppData/Local/Programs/Neovim/share/nvim/runtime/lua/vim/uri.lua
[10:54:07.753][info] [#0:script\workspace\loading.lua:113]: ++++As library of:	file:///c%3A/Users/John%20Michael%20Abbas/AppData/Local/Programs/Neovim/share/nvim/runtime/lua
[10:54:07.753][info] [#0:script\workspace\loading.lua:101]: Preload file at: file:///c%3A/Users/John%20Michael%20Abbas/AppData/Local/Programs/Neovim/share/nvim/runtime/lua/vim/version.lua , size = 12.554 KB
[10:54:07.769][info] [#0:script\workspace\loading.lua:113]: ++++As library of:	file:///c%3A/Users/John%20Michael%20Abbas/AppData/Local/Programs/Neovim/share/nvim/runtime/lua
[10:54:07.769][info] [#0:script\workspace\loading.lua:98]: Skip loaded file: file:///c%3A/Users/John%20Michael%20Abbas/AppData/Local/Programs/Neovim/share/nvim/runtime/lua/vim/version.lua
[10:54:07.769][info] [#0:script\workspace\loading.lua:101]: Preload file at: file:///c%3A/Users/John%20Michael%20Abbas/AppData/Local/Programs/Neovim/share/nvim/runtime/lua/vim/_editor.lua , size = 30.289 KB
[10:54:07.784][info] [#0:script\workspace\loading.lua:113]: ++++As library of:	file:///c%3A/Users/John%20Michael%20Abbas/AppData/Local/Programs/Neovim/share/nvim/runtime/lua
[10:54:07.784][info] [#0:script\workspace\loading.lua:98]: Skip loaded file: file:///c%3A/Users/John%20Michael%20Abbas/AppData/Local/Programs/Neovim/share/nvim/runtime/lua/vim/_editor.lua
[10:54:07.784][info] [#0:script\workspace\loading.lua:101]: Preload file at: file:///c%3A/Users/John%20Michael%20Abbas/AppData/Local/Programs/Neovim/share/nvim/runtime/lua/vim/_init_packages.lua , size = 2.861 KB
[10:54:07.784][info] [#0:script\workspace\loading.lua:113]: ++++As library of:	file:///c%3A/Users/John%20Michael%20Abbas/AppData/Local/Programs/Neovim/share/nvim/runtime/lua
[10:54:07.784][info] [#0:script\workspace\loading.lua:98]: Skip loaded file: file:///c%3A/Users/John%20Michael%20Abbas/AppData/Local/Programs/Neovim/share/nvim/runtime/lua/vim/_init_packages.lua
[10:54:07.784][info] [#0:script\workspace\loading.lua:101]: Preload file at: file:///c%3A/Users/John%20Michael%20Abbas/AppData/Local/Programs/Neovim/share/nvim/runtime/lua/vim/_inspector.lua , size = 8.033 KB
[10:54:07.784][info] [#0:script\workspace\loading.lua:113]: ++++As library of:	file:///c%3A/Users/John%20Michael%20Abbas/AppData/Local/Programs/Neovim/share/nvim/runtime/lua
[10:54:07.784][info] [#0:script\workspace\loading.lua:98]: Skip loaded file: file:///c%3A/Users/John%20Michael%20Abbas/AppData/Local/Programs/Neovim/share/nvim/runtime/lua/vim/_inspector.lua
[10:54:07.784][info] [#0:script\workspace\loading.lua:101]: Preload file at: file:///c%3A/Users/John%20Michael%20Abbas/AppData/Local/Programs/Neovim/share/nvim/runtime/lua/vim/_meta.lua , size = 12.604 KB
[10:54:07.800][info] [#0:script\workspace\loading.lua:113]: ++++As library of:	file:///c%3A/Users/John%20Michael%20Abbas/AppData/Local/Programs/Neovim/share/nvim/runtime/lua
[10:54:07.800][info] [#0:script\workspace\loading.lua:98]: Skip loaded file: file:///c%3A/Users/John%20Michael%20Abbas/AppData/Local/Programs/Neovim/share/nvim/runtime/lua/vim/_meta.lua
[10:54:07.894][info] [#0:script\workspace\loading.lua:101]: Preload file at: file:///c%3A/Users/John%20Michael%20Abbas/AppData/Local/Programs/Neovim/share/nvim/runtime/lua/vim/_watch.lua , size = 5.285 KB
[10:54:07.909][info] [#0:script\workspace\loading.lua:113]: ++++As library of:	file:///c%3A/Users/John%20Michael%20Abbas/AppData/Local/Programs/Neovim/share/nvim/runtime/lua
[10:54:07.909][info] [#0:script\workspace\loading.lua:98]: Skip loaded file: file:///c%3A/Users/John%20Michael%20Abbas/AppData/Local/Programs/Neovim/share/nvim/runtime/lua/vim/_watch.lua
[10:54:07.909][info] [#0:script\workspace\loading.lua:101]: Preload file at: file:///c%3A/Users/John%20Michael%20Abbas/AppData/Local/Programs/Neovim/share/nvim/runtime/lua/_vim9script.lua , size = 16.074 KB
[10:54:07.941][info] [#0:script\workspace\loading.lua:113]: ++++As library of:	file:///c%3A/Users/John%20Michael%20Abbas/AppData/Local/Programs/Neovim/share/nvim/runtime/lua
[10:54:07.941][info] [#0:script\workspace\loading.lua:98]: Skip loaded file: file:///c%3A/Users/John%20Michael%20Abbas/AppData/Local/Programs/Neovim/share/nvim/runtime/lua/_vim9script.lua
[10:54:07.941][info] [#0:script\workspace\loading.lua:173]: Loaded files takes [0.775] sec: <fallback>
[10:54:07.941][info] [#0:script\workspace\loading.lua:182]: Compile files takes [0.001] sec: <fallback>
[10:54:07.941][info] [#0:script\workspace\loading.lua:183]: Loaded finish:	<fallback>
[10:54:07.941][info] [#0:script\workspace\workspace.lua:379]: Preload finish at:	<fallback>
[10:54:07.972][info] [#0:script\workspace\loading.lua:173]: Loaded files takes [0.806] sec: file:///c%3A/Users/John%20Michael%20Abbas/AppData/Local/nvim/lua/lua
[10:54:07.972][info] [#0:script\workspace\loading.lua:182]: Compile files takes [0.000] sec: file:///c%3A/Users/John%20Michael%20Abbas/AppData/Local/nvim/lua/lua
[10:54:07.972][info] [#0:script\workspace\loading.lua:183]: Loaded finish:	file:///c%3A/Users/John%20Michael%20Abbas/AppData/Local/nvim/lua/lua
[10:54:07.972][info] [#0:script\workspace\workspace.lua:379]: Preload finish at:	file:///c%3A/Users/John%20Michael%20Abbas/AppData/Local/nvim/lua/lua
[10:54:08.003][info] [#0:script\provider\diagnostic.lua:557]: Diagnostics scope [file:///c%3A/Users/John%20Michael%20Abbas/AppData/Local/nvim/lua/lua], files count:[83]
[10:54:08.003][warn] [#0:script\proto\proto.lua:187]: Method [textDocument/didOpen] takes [1.314]sec. {
  jsonrpc = "2.0",
  method = "textDocument/didOpen",
  params = {
    textDocument = {
      languageId = "lua",
      text = '"***"',
      uri = "file:///C:/Users/John%20Michael%20Abbas/AppData/Local/nvim/lua/Jchael/core/keymaps.lua",
      version = 0
    }
  }
}
[10:54:08.003][warn] [#0:script\proto\proto.lua:187]: Method [textDocument/documentSymbol] takes [1.317]sec. {
  id = 2,
  jsonrpc = "2.0",
  method = "textDocument/documentSymbol",
  params = {
    textDocument = {
      uri = "file:///C:/Users/John%20Michael%20Abbas/AppData/Local/nvim/lua/Jchael/core/keymaps.lua"
    }
  }
}
[10:54:08.003][warn] [#0:script\proto\proto.lua:187]: Method [textDocument/semanticTokens/full] takes [0.987]sec. {
  id = 6,
  jsonrpc = "2.0",
  method = "textDocument/semanticTokens/full",
  params = {
    textDocument = {
      uri = "file:///C:/Users/John%20Michael%20Abbas/AppData/Local/nvim/lua/Jchael/core/keymaps.lua"
    }
  }
}
[10:54:08.019][info] [#0:script\provider\diagnostic.lua:574]: Diagnostics scope [file:///c%3A/Users/John%20Michael%20Abbas/AppData/Local/nvim/lua/lua] finished, takes [0.022] sec.
[10:54:33.925][info] [#0:script\workspace\workspace.lua:282]: Scan files at:	file:///c%3A/Users/John%20Michael%20Abbas/AppData/Local/nvim/lua/Jchael/core/keymaps.lua
[10:54:33.925][info] [#0:script\workspace\loading.lua:161]: Load files from disk:	file:///c%3A/Users/John%20Michael%20Abbas/AppData/Local/nvim/lua/Jchael/core/keymaps.lua
[10:54:33.925][info] [#0:script\workspace\loading.lua:89]: Skip loaded file: file:///c%3A/Users/John%20Michael%20Abbas/AppData/Local/nvim/lua/Jchael/core/keymaps.lua
[10:54:33.925][info] [#0:script\workspace\loading.lua:173]: Loaded files takes [0.001] sec: file:///c%3A/Users/John%20Michael%20Abbas/AppData/Local/nvim/lua/Jchael/core/keymaps.lua
[10:54:33.925][info] [#0:script\workspace\loading.lua:182]: Compile files takes [0.000] sec: file:///c%3A/Users/John%20Michael%20Abbas/AppData/Local/nvim/lua/Jchael/core/keymaps.lua
[10:54:33.925][info] [#0:script\workspace\loading.lua:183]: Loaded finish:	file:///c%3A/Users/John%20Michael%20Abbas/AppData/Local/nvim/lua/Jchael/core/keymaps.lua
[10:54:34.362][info] [#0:script\provider\provider.lua:169]: Server shutdown.
[10:54:34.472][info] [#0:script\provider\provider.lua:162]: Server exited.
